\BOOKMARK [0][-]{chapter*.2}{Lista de figuras}{}% 1
\BOOKMARK [0][-]{chapter*.3}{Lista de tablas}{}% 2
\BOOKMARK [1][-]{chapter*.5}{Introducci\363n}{chapter*.3}% 3
\BOOKMARK [1][-]{chapter*.6}{Glosario}{chapter*.3}% 4
\BOOKMARK [0][-]{chapter.1}{Definici\363n del problema}{}% 5
\BOOKMARK [0][-]{chapter.2}{Justificaci\363n del problema}{}% 6
\BOOKMARK [0][-]{chapter.3}{Objetivos}{}% 7
\BOOKMARK [1][-]{section.3.1}{Objetivo General}{chapter.3}% 8
\BOOKMARK [1][-]{section.3.2}{Objetivos espec\355ficos}{chapter.3}% 9
\BOOKMARK [0][-]{chapter.4}{Marco conceptual}{}% 10
\BOOKMARK [1][-]{section.4.1}{Comunicaci\363n}{chapter.4}% 11
\BOOKMARK [2][-]{subsection.4.1.1}{Evoluci\363n de la web}{section.4.1}% 12
\BOOKMARK [1][-]{section.4.2}{R\351d social}{chapter.4}% 13
\BOOKMARK [1][-]{section.4.3}{Business Process Modeling Notation \(BPMN\)}{chapter.4}% 14
\BOOKMARK [2][-]{subsection.4.3.1}{Pertinencia con el proyecto}{section.4.3}% 15
\BOOKMARK [1][-]{section.4.4}{Service-Oriented Architecture \(SOA\)}{chapter.4}% 16
\BOOKMARK [2][-]{subsection.4.4.1}{Primeros conceptos}{section.4.4}% 17
\BOOKMARK [2][-]{subsection.4.4.2}{Pertinencia con el proyecto}{section.4.4}% 18
\BOOKMARK [1][-]{section.4.5}{Scrum}{chapter.4}% 19
\BOOKMARK [0][-]{chapter.5}{Marco te\363rico}{}% 20
\BOOKMARK [1][-]{section.5.1}{Redes Sociales}{chapter.5}% 21
\BOOKMARK [2][-]{subsection.5.1.1}{SNA: Social Network Analisis}{section.5.1}% 22
\BOOKMARK [2][-]{subsection.5.1.2}{Analisis egocentrico}{section.5.1}% 23
\BOOKMARK [2][-]{subsection.5.1.3}{Grado de centralidad}{section.5.1}% 24
\BOOKMARK [2][-]{subsection.5.1.4}{Grado de cercan\355a}{section.5.1}% 25
\BOOKMARK [2][-]{subsection.5.1.5}{Factor distancia en la formaci\363n de las redes sociales}{section.5.1}% 26
\BOOKMARK [2][-]{subsection.5.1.6}{Grado de intermediaci\363n}{section.5.1}% 27
\BOOKMARK [2][-]{subsection.5.1.7}{D\355adas}{section.5.1}% 28
\BOOKMARK [2][-]{subsection.5.1.8}{Tr\355adas}{section.5.1}% 29
\BOOKMARK [2][-]{subsection.5.1.9}{An\341lisis Triadico}{section.5.1}% 30
\BOOKMARK [2][-]{subsection.5.1.10}{UX - An\341lisis}{section.5.1}% 31
\BOOKMARK [1][-]{section.5.2}{Business Process Modeling Notation \(BPMN\)}{chapter.5}% 32
\BOOKMARK [2][-]{subsection.5.2.1}{Enlaces}{section.5.2}% 33
\BOOKMARK [2][-]{subsection.5.2.2}{Colaboraci\363n}{section.5.2}% 34
\BOOKMARK [1][-]{section.5.3}{SOA}{chapter.5}% 35
\BOOKMARK [2][-]{subsection.5.3.1}{Primeros conceptos}{section.5.3}% 36
\BOOKMARK [2][-]{subsection.5.3.2}{Computaci\363n orientada a servicios}{section.5.3}% 37
\BOOKMARK [2][-]{subsection.5.3.3}{Proceso de An\341lisis y dise\361o orientados a servicios}{section.5.3}% 38
\BOOKMARK [2][-]{subsection.5.3.4}{Metas y beneficios de la computaci\363n orientada a servicios }{section.5.3}% 39
\BOOKMARK [1][-]{section.5.4}{Scrum}{chapter.5}% 40
\BOOKMARK [2][-]{subsection.5.4.1}{Equipo Scrum \(Scrum Team\)}{section.5.4}% 41
\BOOKMARK [3][-]{subsubsection.5.4.1.1}{Product Owner \(due\361o del producto\)}{subsection.5.4.1}% 42
\BOOKMARK [3][-]{subsubsection.5.4.1.2}{Development Team \(Equipo de desarrollo\)}{subsection.5.4.1}% 43
\BOOKMARK [3][-]{subsubsection.5.4.1.3}{Scrum Master}{subsection.5.4.1}% 44
\BOOKMARK [2][-]{subsection.5.4.2}{Eventos}{section.5.4}% 45
\BOOKMARK [3][-]{subsubsection.5.4.2.1}{Sprint}{subsection.5.4.2}% 46
\BOOKMARK [3][-]{subsubsection.5.4.2.2}{Sprint Planning Meeting \(Reuni\363n de Planificaci\363n de Sprint\)}{subsection.5.4.2}% 47
\BOOKMARK [3][-]{subsubsection.5.4.2.3}{Daily Scrum \(Scrum Diario\)}{subsection.5.4.2}% 48
\BOOKMARK [3][-]{subsubsection.5.4.2.4}{Sprint Review \(Revisi\363n de Sprint\)}{subsection.5.4.2}% 49
\BOOKMARK [3][-]{subsubsection.5.4.2.5}{Sprint Retrospective \(Retrospectiva de Sprint\)}{subsection.5.4.2}% 50
\BOOKMARK [2][-]{subsection.5.4.3}{Artefactos}{section.5.4}% 51
\BOOKMARK [3][-]{subsubsection.5.4.3.1}{Sprint Goal \(Objetivo del Sprint\)}{subsection.5.4.3}% 52
\BOOKMARK [3][-]{subsubsection.5.4.3.2}{Product Backlog \(Lista de Producto\)}{subsection.5.4.3}% 53
\BOOKMARK [3][-]{subsubsection.5.4.3.3}{Sprint Backlog \(Lista de Pendientes del Sprint\)}{subsection.5.4.3}% 54
\BOOKMARK [1][-]{section.5.5}{Estado del arte}{chapter.5}% 55
\BOOKMARK [0][-]{chapter.6}{Marco fundamental}{}% 56
\BOOKMARK [1][-]{section.6.1}{UX - An\341lisis}{chapter.6}% 57
\BOOKMARK [0][-]{chapter.7}{Marco legal}{}% 58
\BOOKMARK [0][-]{chapter.8}{Alcances y limitaciones}{}% 59
\BOOKMARK [1][-]{section.8.1}{Alcances y limitaciones}{chapter.8}% 60
\BOOKMARK [2][-]{subsection.8.1.1}{Alcances}{section.8.1}% 61
\BOOKMARK [2][-]{subsection.8.1.2}{Limitaciones}{section.8.1}% 62
\BOOKMARK [0][-]{chapter.9}{Metodolog\355a}{}% 63
\BOOKMARK [0][-]{chapter.10}{Propuesta de arquitectura}{}% 64
\BOOKMARK [0][-]{chapter.11}{Cronograma}{}% 65
\BOOKMARK [0][-]{chapter.12}{Costos}{}% 66
\BOOKMARK [1][-]{section.12.1}{Recursos de Hardware}{chapter.12}% 67
\BOOKMARK [1][-]{section.12.2}{Recursos de Software}{chapter.12}% 68
\BOOKMARK [1][-]{section.12.3}{Recursos humanos}{chapter.12}% 69
\BOOKMARK [1][-]{section.12.4}{Recursos miscel\341neos}{chapter.12}% 70
\BOOKMARK [1][-]{section.12.5}{Costos totales}{chapter.12}% 71
