\BOOKMARK [0][-]{chapter*.2}{Lista de figuras}{}% 1
\BOOKMARK [0][-]{chapter*.3}{Lista de tablas}{}% 2
\BOOKMARK [1][-]{chapter*.5}{Introducci\363n}{chapter*.3}% 3
\BOOKMARK [1][-]{chapter*.6}{Glosario}{chapter*.3}% 4
\BOOKMARK [0][-]{chapter.1}{Definici\363n del problema}{}% 5
\BOOKMARK [0][-]{chapter.2}{Justificaci\363n del problema}{}% 6
\BOOKMARK [0][-]{chapter.3}{Objetivos}{}% 7
\BOOKMARK [1][-]{section.3.1}{Objetivo General}{chapter.3}% 8
\BOOKMARK [1][-]{section.3.2}{Objetivos espec\355ficos}{chapter.3}% 9
\BOOKMARK [0][-]{chapter.4}{Alcances y limitaciones}{}% 10
\BOOKMARK [1][-]{section.4.1}{Alcances}{chapter.4}% 11
\BOOKMARK [2][-]{subsection.4.1.1}{Aspectos tecnol\363gicos}{section.4.1}% 12
\BOOKMARK [2][-]{subsection.4.1.2}{Aspectos de negocio}{section.4.1}% 13
\BOOKMARK [2][-]{subsection.4.1.3}{Alineaci\363n de aspectos tecnol\363gicos y de negocio con la soluci\363n del problema}{section.4.1}% 14
\BOOKMARK [1][-]{section.4.2}{Limitaciones}{chapter.4}% 15
\BOOKMARK [0][-]{chapter.5}{Trabajos futuros}{}% 16
\BOOKMARK [0][-]{chapter.6}{Marco conceptual}{}% 17
\BOOKMARK [1][-]{section.6.1}{Comunicaci\363n}{chapter.6}% 18
\BOOKMARK [2][-]{subsection.6.1.1}{Evoluci\363n de la web}{section.6.1}% 19
\BOOKMARK [1][-]{section.6.2}{R\351d social}{chapter.6}% 20
\BOOKMARK [1][-]{section.6.3}{Service-Oriented Architecture \(SOA\)}{chapter.6}% 21
\BOOKMARK [2][-]{subsection.6.3.1}{Primeros conceptos}{section.6.3}% 22
\BOOKMARK [2][-]{subsection.6.3.2}{Computaci\363n orientada a servicios}{section.6.3}% 23
\BOOKMARK [2][-]{subsection.6.3.3}{Pertinencia con el proyecto}{section.6.3}% 24
\BOOKMARK [1][-]{section.6.4}{Scrum}{chapter.6}% 25
\BOOKMARK [0][-]{chapter.7}{Marco te\363rico}{}% 26
\BOOKMARK [1][-]{section.7.1}{Redes Sociales}{chapter.7}% 27
\BOOKMARK [2][-]{subsection.7.1.1}{SNA: Social Network Analisis}{section.7.1}% 28
\BOOKMARK [2][-]{subsection.7.1.2}{Analisis egoc\351ntrico}{section.7.1}% 29
\BOOKMARK [2][-]{subsection.7.1.3}{Grado de centralidad}{section.7.1}% 30
\BOOKMARK [2][-]{subsection.7.1.4}{Grado de cercan\355a}{section.7.1}% 31
\BOOKMARK [2][-]{subsection.7.1.5}{Factor distancia en la formaci\363n de las redes sociales}{section.7.1}% 32
\BOOKMARK [2][-]{subsection.7.1.6}{Grado de intermediaci\363n}{section.7.1}% 33
\BOOKMARK [2][-]{subsection.7.1.7}{D\355adas}{section.7.1}% 34
\BOOKMARK [2][-]{subsection.7.1.8}{Tr\355adas}{section.7.1}% 35
\BOOKMARK [2][-]{subsection.7.1.9}{An\341lisis Tri\341dico}{section.7.1}% 36
\BOOKMARK [1][-]{section.7.2}{Service-Oriented Architecture \(SOA\)}{chapter.7}% 37
\BOOKMARK [2][-]{subsection.7.2.1}{Proceso de An\341lisis y dise\361o orientados a servicios}{section.7.2}% 38
\BOOKMARK [2][-]{subsection.7.2.2}{Metas y beneficios de la computaci\363n orientada a servicios}{section.7.2}% 39
\BOOKMARK [2][-]{subsection.7.2.3}{Principios de dise\361o SOA}{section.7.2}% 40
\BOOKMARK [1][-]{section.7.3}{Scrum}{chapter.7}% 41
\BOOKMARK [2][-]{subsection.7.3.1}{Equipo Scrum \(Scrum Team\)}{section.7.3}% 42
\BOOKMARK [3][-]{subsubsection.7.3.1.1}{Product Owner \(due\361o del producto\)}{subsection.7.3.1}% 43
\BOOKMARK [3][-]{subsubsection.7.3.1.2}{Development Team \(Equipo de desarrollo\)}{subsection.7.3.1}% 44
\BOOKMARK [3][-]{subsubsection.7.3.1.3}{Scrum Master}{subsection.7.3.1}% 45
\BOOKMARK [2][-]{subsection.7.3.2}{Eventos}{section.7.3}% 46
\BOOKMARK [3][-]{subsubsection.7.3.2.1}{Sprint}{subsection.7.3.2}% 47
\BOOKMARK [3][-]{subsubsection.7.3.2.2}{Sprint Planning Meeting \(Reuni\363n de Planificaci\363n de Sprint\)}{subsection.7.3.2}% 48
\BOOKMARK [3][-]{subsubsection.7.3.2.3}{Daily Scrum \(Scrum Diario\)}{subsection.7.3.2}% 49
\BOOKMARK [3][-]{subsubsection.7.3.2.4}{Sprint Review \(Revisi\363n de Sprint\)}{subsection.7.3.2}% 50
\BOOKMARK [3][-]{subsubsection.7.3.2.5}{Sprint Retrospective \(Retrospectiva de Sprint\)}{subsection.7.3.2}% 51
\BOOKMARK [2][-]{subsection.7.3.3}{Artefactos}{section.7.3}% 52
\BOOKMARK [3][-]{subsubsection.7.3.3.1}{Sprint Goal \(Objetivo del Sprint\)}{subsection.7.3.3}% 53
\BOOKMARK [3][-]{subsubsection.7.3.3.2}{Product Backlog \(Lista de Producto\)}{subsection.7.3.3}% 54
\BOOKMARK [3][-]{subsubsection.7.3.3.3}{Sprint Backlog \(Lista de Pendientes del Sprint\)}{subsection.7.3.3}% 55
\BOOKMARK [1][-]{section.7.4}{Requerimientos no funcionales}{chapter.7}% 56
\BOOKMARK [2][-]{subsection.7.4.1}{Mantenibilidad}{section.7.4}% 57
\BOOKMARK [2][-]{subsection.7.4.2}{Reusabilidad}{section.7.4}% 58
\BOOKMARK [3][-]{subsubsection.7.4.2.1}{Medidas de reusabilidad}{subsection.7.4.2}% 59
\BOOKMARK [3][-]{subsubsection.7.4.2.2}{Blueprints y reusabilidad}{subsection.7.4.2}% 60
\BOOKMARK [3][-]{subsubsection.7.4.2.3}{Logic Centralization: Patr\363n de dise\361o pro-reusabilidad}{subsection.7.4.2}% 61
\BOOKMARK [3][-]{subsubsection.7.4.2.4}{Granularidad y reusabilidad}{subsection.7.4.2}% 62
\BOOKMARK [2][-]{subsection.7.4.3}{QiU: Quality in Use}{section.7.4}% 63
\BOOKMARK [3][-]{subsubsection.7.4.3.1}{Usabilidad}{subsection.7.4.3}% 64
\BOOKMARK [3][-]{subsubsection.7.4.3.2}{User aceptance \(Aceptaci\363n de usuario\)}{subsection.7.4.3}% 65
\BOOKMARK [3][-]{subsubsection.7.4.3.3}{Experiencia de usuario \(User eXperience - UX\)}{subsection.7.4.3}% 66
\BOOKMARK [3][-]{subsubsection.7.4.3.4}{Conceptos para medir QiU}{subsection.7.4.3}% 67
\BOOKMARK [2][-]{subsection.7.4.4}{Seguridad}{section.7.4}% 68
\BOOKMARK [2][-]{subsection.7.4.5}{Rendimiento}{section.7.4}% 69
\BOOKMARK [1][-]{section.7.5}{Archimate 2.0}{chapter.7}% 70
\BOOKMARK [2][-]{subsection.7.5.1}{Capas de archimate}{section.7.5}% 71
\BOOKMARK [3][-]{subsubsection.7.5.1.1}{Capa de negocio}{subsection.7.5.1}% 72
\BOOKMARK [3][-]{subsubsection.7.5.1.2}{Capa de aplicaci\363n}{subsection.7.5.1}% 73
\BOOKMARK [3][-]{subsubsection.7.5.1.3}{Capa de tecnolog\355a}{subsection.7.5.1}% 74
\BOOKMARK [2][-]{subsection.7.5.2}{Relaciones}{section.7.5}% 75
\BOOKMARK [2][-]{subsection.7.5.3}{Vistas archimate}{section.7.5}% 76
\BOOKMARK [1][-]{section.7.6}{Estado del arte}{chapter.7}% 77
\BOOKMARK [2][-]{subsection.7.6.1}{Soluciones software existentes}{section.7.6}% 78
\BOOKMARK [2][-]{subsection.7.6.2}{Prototipo SNS deportivo vs Soluciones software existentes}{section.7.6}% 79
\BOOKMARK [0][-]{chapter.8}{Marco legal}{}% 80
\BOOKMARK [0][-]{chapter.9}{Metodolog\355a}{}% 81
\BOOKMARK [0][-]{chapter.10}{Cronograma}{}% 82
\BOOKMARK [0][-]{chapter.11}{Costos}{}% 83
\BOOKMARK [1][-]{section.11.1}{Recursos de Hardware}{chapter.11}% 84
\BOOKMARK [1][-]{section.11.2}{Recursos de Software}{chapter.11}% 85
\BOOKMARK [1][-]{section.11.3}{Recursos humanos}{chapter.11}% 86
\BOOKMARK [1][-]{section.11.4}{Recursos miscel\341neos}{chapter.11}% 87
\BOOKMARK [1][-]{section.11.5}{Costos totales}{chapter.11}% 88
\BOOKMARK [0][-]{chapter.12}{M\351todos utilizados}{}% 89
\BOOKMARK [1][-]{section.12.1}{Encuesta inicial}{chapter.12}% 90
\BOOKMARK [2][-]{subsection.12.1.1}{An\341lisis de resultados}{section.12.1}% 91
\BOOKMARK [2][-]{subsection.12.1.2}{Articulaci\363n con el desarrollo del prototipo}{section.12.1}% 92
\BOOKMARK [0][-]{chapter.13}{An\341lisis de requerimientos}{}% 93
\BOOKMARK [1][-]{section.13.1}{Requerimientos}{chapter.13}% 94
\BOOKMARK [2][-]{subsection.13.1.1}{Requerimientos funcionales}{section.13.1}% 95
\BOOKMARK [2][-]{subsection.13.1.2}{Requerimientos no funcionales}{section.13.1}% 96
\BOOKMARK [3][-]{subsubsection.13.1.2.1}{QiU}{subsection.13.1.2}% 97
\BOOKMARK [3][-]{subsubsection.13.1.2.2}{Reusabilidad}{subsection.13.1.2}% 98
\BOOKMARK [3][-]{subsubsection.13.1.2.3}{Mantenibilidad}{subsection.13.1.2}% 99
\BOOKMARK [3][-]{subsubsection.13.1.2.4}{Interoperabilidad}{subsection.13.1.2}% 100
\BOOKMARK [3][-]{subsubsection.13.1.2.5}{Seguridad}{subsection.13.1.2}% 101
\BOOKMARK [3][-]{subsubsection.13.1.2.6}{Rendimiento}{subsection.13.1.2}% 102
\BOOKMARK [0][-]{chapter.14}{Arquitectura}{}% 103
\BOOKMARK [1][-]{section.14.1}{Vistas Archimate}{chapter.14}% 104
\BOOKMARK [2][-]{subsection.14.1.1}{Vistas generales}{section.14.1}% 105
\BOOKMARK [3][-]{subsubsection.14.1.1.1}{Actores y Roles}{subsection.14.1.1}% 106
\BOOKMARK [3][-]{subsubsection.14.1.1.2}{Introductory viewpoint}{subsection.14.1.1}% 107
\BOOKMARK [3][-]{subsubsection.14.1.1.3}{Layered viewpoint}{subsection.14.1.1}% 108
\BOOKMARK [2][-]{subsection.14.1.2}{Business Functions Viewpoints}{section.14.1}% 109
\BOOKMARK [3][-]{subsubsection.14.1.2.1}{Organizaci\363n de Eventos Deportivos}{subsection.14.1.2}% 110
\BOOKMARK [3][-]{subsubsection.14.1.2.2}{Buscador Deportivo}{subsection.14.1.2}% 111
\BOOKMARK [3][-]{subsubsection.14.1.2.3}{Localizaci\363n}{subsection.14.1.2}% 112
\BOOKMARK [2][-]{subsection.14.1.3}{Business Process Viewpoints}{section.14.1}% 113
\BOOKMARK [3][-]{subsubsection.14.1.3.1}{Organizaci\363n de Eventos Deportivos}{subsection.14.1.3}% 114
\BOOKMARK [3][-]{subsubsection.14.1.3.2}{Buscador deportivo}{subsection.14.1.3}% 115
\BOOKMARK [3][-]{subsubsection.14.1.3.3}{Localizaci\363n}{subsection.14.1.3}% 116
\BOOKMARK [2][-]{subsection.14.1.4}{Application Usage Viewpoints}{section.14.1}% 117
\BOOKMARK [3][-]{subsubsection.14.1.4.1}{Organizaci\363n de Eventos Deportivos}{subsection.14.1.4}% 118
\BOOKMARK [3][-]{subsubsection.14.1.4.2}{Buscador deportivo}{subsection.14.1.4}% 119
\BOOKMARK [3][-]{subsubsection.14.1.4.3}{Localizaci\363n}{subsection.14.1.4}% 120
\BOOKMARK [2][-]{subsection.14.1.5}{Product Viewpoint}{section.14.1}% 121
\BOOKMARK [3][-]{subsubsection.14.1.5.1}{Product}{subsection.14.1.5}% 122
\BOOKMARK [2][-]{subsection.14.1.6}{Punto de vista de infraestructura}{section.14.1}% 123
\BOOKMARK [0][-]{chapter.15}{An\341lisis funcional}{}% 124
\BOOKMARK [1][-]{section.15.1}{M\363dulo de administraci\363n de eventos deportivos}{chapter.15}% 125
\BOOKMARK [1][-]{section.15.2}{M\363dulo de gesti\363n de administracion de deportes}{chapter.15}% 126
\BOOKMARK [1][-]{section.15.3}{M\363dulo de gesti\363n de usuarios}{chapter.15}% 127
\BOOKMARK [1][-]{section.15.4}{M\363dulo de gesti\363n de ubicaciones}{chapter.15}% 128
\BOOKMARK [0][-]{chapter.16}{Modelo de datos}{}% 129
\BOOKMARK [1][-]{section.16.1}{Modelo de datos de gesti\363n de eventos}{chapter.16}% 130
\BOOKMARK [1][-]{section.16.2}{Modelo de datos de gesti\363n de ubicaciones}{chapter.16}% 131
\BOOKMARK [1][-]{section.16.3}{Modelo de datos de gesti\363n de deportes}{chapter.16}% 132
\BOOKMARK [1][-]{section.16.4}{Modelo de datos de gesti\363n de usuarios}{chapter.16}% 133
\BOOKMARK [0][-]{chapter.17}{Conclusiones}{}% 134
\BOOKMARK [0][-]{chapter.18}{Anexos}{}% 135
\BOOKMARK [0][-]{appendix.Alph1}{Datos encuesta inicial}{}% 136
\BOOKMARK [1][-]{section.Alph1.1}{Informaci\363n necesaria}{appendix.Alph1}% 137
\BOOKMARK [1][-]{section.Alph1.2}{Naturaleza de la encuesta}{appendix.Alph1}% 138
\BOOKMARK [1][-]{section.Alph1.3}{T\351cnicas de escalamiento utilizadas}{appendix.Alph1}% 139
\BOOKMARK [1][-]{section.Alph1.4}{Trabajo de campo}{appendix.Alph1}% 140
\BOOKMARK [1][-]{section.Alph1.5}{Formato de encuesta}{appendix.Alph1}% 141
\BOOKMARK [1][-]{section.Alph1.6}{Resultados de las encuestas}{appendix.Alph1}% 142
