\BOOKMARK [0][-]{chapter*.2}{Lista de figuras}{}% 1
\BOOKMARK [0][-]{chapter*.3}{Lista de tablas}{}% 2
\BOOKMARK [1][-]{chapter*.5}{Introducci\363n}{chapter*.3}% 3
\BOOKMARK [1][-]{chapter*.6}{Glosario}{chapter*.3}% 4
\BOOKMARK [0][-]{chapter.1}{Definici\363n del problema}{}% 5
\BOOKMARK [0][-]{chapter.2}{Justificaci\363n del problema}{}% 6
\BOOKMARK [0][-]{chapter.3}{Objetivos}{}% 7
\BOOKMARK [1][-]{section.3.1}{Objetivo General}{chapter.3}% 8
\BOOKMARK [1][-]{section.3.2}{Objetivos espec\355ficos}{chapter.3}% 9
\BOOKMARK [0][-]{chapter.4}{Marco conceptual}{}% 10
\BOOKMARK [1][-]{section.4.1}{Comunicaci\363n}{chapter.4}% 11
\BOOKMARK [2][-]{subsection.4.1.1}{Evoluci\363n de la web}{section.4.1}% 12
\BOOKMARK [1][-]{section.4.2}{R\351d social}{chapter.4}% 13
\BOOKMARK [1][-]{section.4.3}{Business Process Modeling Notation \(BPMN\)}{chapter.4}% 14
\BOOKMARK [2][-]{subsection.4.3.1}{Pertinencia con el proyecto}{section.4.3}% 15
\BOOKMARK [1][-]{section.4.4}{Service-Oriented Architecture \(SOA\)}{chapter.4}% 16
\BOOKMARK [2][-]{subsection.4.4.1}{Primeros conceptos}{section.4.4}% 17
\BOOKMARK [2][-]{subsection.4.4.2}{Computaci\363n orientada a servicios}{section.4.4}% 18
\BOOKMARK [2][-]{subsection.4.4.3}{Pertinencia con el proyecto}{section.4.4}% 19
\BOOKMARK [1][-]{section.4.5}{Scrum}{chapter.4}% 20
\BOOKMARK [0][-]{chapter.5}{Marco te\363rico}{}% 21
\BOOKMARK [1][-]{section.5.1}{Redes Sociales}{chapter.5}% 22
\BOOKMARK [2][-]{subsection.5.1.1}{SNA: Social Network Analisis}{section.5.1}% 23
\BOOKMARK [2][-]{subsection.5.1.2}{Analisis egoc\351ntrico}{section.5.1}% 24
\BOOKMARK [2][-]{subsection.5.1.3}{Grado de centralidad}{section.5.1}% 25
\BOOKMARK [2][-]{subsection.5.1.4}{Grado de cercan\355a}{section.5.1}% 26
\BOOKMARK [2][-]{subsection.5.1.5}{Factor distancia en la formaci\363n de las redes sociales}{section.5.1}% 27
\BOOKMARK [2][-]{subsection.5.1.6}{Grado de intermediaci\363n}{section.5.1}% 28
\BOOKMARK [2][-]{subsection.5.1.7}{D\355adas}{section.5.1}% 29
\BOOKMARK [2][-]{subsection.5.1.8}{Tr\355adas}{section.5.1}% 30
\BOOKMARK [2][-]{subsection.5.1.9}{An\341lisis Tri\341dico}{section.5.1}% 31
\BOOKMARK [1][-]{section.5.2}{UX - An\341lisis}{chapter.5}% 32
\BOOKMARK [1][-]{section.5.3}{Business Process Modeling Notation \(BPMN\)}{chapter.5}% 33
\BOOKMARK [2][-]{subsection.5.3.1}{Enlaces}{section.5.3}% 34
\BOOKMARK [2][-]{subsection.5.3.2}{Colaboraci\363n}{section.5.3}% 35
\BOOKMARK [1][-]{section.5.4}{Service-Oriented Architecture \(SOA\)}{chapter.5}% 36
\BOOKMARK [2][-]{subsection.5.4.1}{Proceso de An\341lisis y dise\361o orientados a servicios}{section.5.4}% 37
\BOOKMARK [2][-]{subsection.5.4.2}{Metas y beneficios de la computaci\363n orientada a servicios }{section.5.4}% 38
\BOOKMARK [1][-]{section.5.5}{Scrum}{chapter.5}% 39
\BOOKMARK [2][-]{subsection.5.5.1}{Equipo Scrum \(Scrum Team\)}{section.5.5}% 40
\BOOKMARK [3][-]{subsubsection.5.5.1.1}{Product Owner \(due\361o del producto\)}{subsection.5.5.1}% 41
\BOOKMARK [3][-]{subsubsection.5.5.1.2}{Development Team \(Equipo de desarrollo\)}{subsection.5.5.1}% 42
\BOOKMARK [3][-]{subsubsection.5.5.1.3}{Scrum Master}{subsection.5.5.1}% 43
\BOOKMARK [2][-]{subsection.5.5.2}{Eventos}{section.5.5}% 44
\BOOKMARK [3][-]{subsubsection.5.5.2.1}{Sprint}{subsection.5.5.2}% 45
\BOOKMARK [3][-]{subsubsection.5.5.2.2}{Sprint Planning Meeting \(Reuni\363n de Planificaci\363n de Sprint\)}{subsection.5.5.2}% 46
\BOOKMARK [3][-]{subsubsection.5.5.2.3}{Daily Scrum \(Scrum Diario\)}{subsection.5.5.2}% 47
\BOOKMARK [3][-]{subsubsection.5.5.2.4}{Sprint Review \(Revisi\363n de Sprint\)}{subsection.5.5.2}% 48
\BOOKMARK [3][-]{subsubsection.5.5.2.5}{Sprint Retrospective \(Retrospectiva de Sprint\)}{subsection.5.5.2}% 49
\BOOKMARK [2][-]{subsection.5.5.3}{Artefactos}{section.5.5}% 50
\BOOKMARK [3][-]{subsubsection.5.5.3.1}{Sprint Goal \(Objetivo del Sprint\)}{subsection.5.5.3}% 51
\BOOKMARK [3][-]{subsubsection.5.5.3.2}{Product Backlog \(Lista de Producto\)}{subsection.5.5.3}% 52
\BOOKMARK [3][-]{subsubsection.5.5.3.3}{Sprint Backlog \(Lista de Pendientes del Sprint\)}{subsection.5.5.3}% 53
\BOOKMARK [1][-]{section.5.6}{Estado del arte}{chapter.5}% 54
\BOOKMARK [0][-]{chapter.6}{Marco legal}{}% 55
\BOOKMARK [0][-]{chapter.7}{Alcances y limitaciones}{}% 56
\BOOKMARK [1][-]{section.7.1}{Alcances y limitaciones}{chapter.7}% 57
\BOOKMARK [2][-]{subsection.7.1.1}{Alcances}{section.7.1}% 58
\BOOKMARK [2][-]{subsection.7.1.2}{Limitaciones}{section.7.1}% 59
\BOOKMARK [0][-]{chapter.8}{Metodolog\355a}{}% 60
\BOOKMARK [0][-]{chapter.9}{Propuesta de arquitectura}{}% 61
\BOOKMARK [0][-]{chapter.10}{Cronograma}{}% 62
\BOOKMARK [0][-]{chapter.11}{Costos}{}% 63
\BOOKMARK [1][-]{section.11.1}{Recursos de Hardware}{chapter.11}% 64
\BOOKMARK [1][-]{section.11.2}{Recursos de Software}{chapter.11}% 65
\BOOKMARK [1][-]{section.11.3}{Recursos humanos}{chapter.11}% 66
\BOOKMARK [1][-]{section.11.4}{Recursos miscel\341neos}{chapter.11}% 67
\BOOKMARK [1][-]{section.11.5}{Costos totales}{chapter.11}% 68
