This is pdfTeX, Version 3.1415926-2.4-1.40.13 (TeX Live 2012/Debian) (format=pdflatex 2013.8.24)  30 NOV 2014 17:40
entering extended mode
 restricted \write18 enabled.
 %&-line parsing enabled.
**Anteproyecto.tex
(./Anteproyecto.tex
LaTeX2e <2011/06/27>
Babel <v3.8m> and hyphenation patterns for english, dumylang, nohyphenation, lo
aded.
(/usr/share/texlive/texmf-dist/tex/latex/base/book.cls
Document Class: book 2007/10/19 v1.4h Standard LaTeX document class
(/usr/share/texlive/texmf-dist/tex/latex/base/bk12.clo
File: bk12.clo 2007/10/19 v1.4h Standard LaTeX file (size option)
)
\c@part=\count79
\c@chapter=\count80
\c@section=\count81
\c@subsection=\count82
\c@subsubsection=\count83
\c@paragraph=\count84
\c@subparagraph=\count85
\c@figure=\count86
\c@table=\count87
\abovecaptionskip=\skip41
\belowcaptionskip=\skip42
\bibindent=\dimen102
)
(/usr/share/texlive/texmf-dist/tex/generic/babel/babel.sty
Package: babel 2008/07/08 v3.8m The Babel package

(/usr/share/texlive/texmf-dist/tex/generic/babel/spanish.ldf
Language: spanish.ldf 2011/10/06 v5.0k Spanish support from the babel system

(/usr/share/texlive/texmf-dist/tex/generic/babel/babel.def
File: babel.def 2008/07/08 v3.8m Babel common definitions
\babel@savecnt=\count88
\U@D=\dimen103
)

Package babel Warning: No hyphenation patterns were loaded for
(babel)                the language `Spanish'
(babel)                I will use the patterns loaded for \language=0 instead.

\l@spanish = a dialect from \language0
\es@datefmt=\count89
\es@quottoks=\toks14
\es@quotdepth=\count90
Package babel Info: Making " an active character on input line 496.
Package babel Info: Making . an active character on input line 599.
Package babel Info: Making < an active character on input line 644.
Package babel Info: Making > an active character on input line 644.
)) (/usr/share/texlive/texmf-dist/tex/latex/hyperref/hyperref.sty
Package: hyperref 2012/05/13 v6.82q Hypertext links for LaTeX

(/usr/share/texlive/texmf-dist/tex/generic/oberdiek/hobsub-hyperref.sty
Package: hobsub-hyperref 2012/05/28 v1.13 Bundle oberdiek, subset hyperref (HO)


(/usr/share/texlive/texmf-dist/tex/generic/oberdiek/hobsub-generic.sty
Package: hobsub-generic 2012/05/28 v1.13 Bundle oberdiek, subset generic (HO)
Package: hobsub 2012/05/28 v1.13 Construct package bundles (HO)
Package: infwarerr 2010/04/08 v1.3 Providing info/warning/error messages (HO)
Package: ltxcmds 2011/11/09 v1.22 LaTeX kernel commands for general use (HO)
Package: ifluatex 2010/03/01 v1.3 Provides the ifluatex switch (HO)
Package ifluatex Info: LuaTeX not detected.
Package: ifvtex 2010/03/01 v1.5 Detect VTeX and its facilities (HO)
Package ifvtex Info: VTeX not detected.
Package: intcalc 2007/09/27 v1.1 Expandable calculations with integers (HO)
Package: ifpdf 2011/01/30 v2.3 Provides the ifpdf switch (HO)
Package ifpdf Info: pdfTeX in PDF mode is detected.
Package: etexcmds 2011/02/16 v1.5 Avoid name clashes with e-TeX commands (HO)
Package etexcmds Info: Could not find \expanded.
(etexcmds)             That can mean that you are not using pdfTeX 1.50 or
(etexcmds)             that some package has redefined \expanded.
(etexcmds)             In the latter case, load this package earlier.
Package: kvsetkeys 2012/04/25 v1.16 Key value parser (HO)
Package: kvdefinekeys 2011/04/07 v1.3 Define keys (HO)
Package: pdftexcmds 2011/11/29 v0.20 Utility functions of pdfTeX for LuaTeX (HO
)
Package pdftexcmds Info: LuaTeX not detected.
Package pdftexcmds Info: \pdf@primitive is available.
Package pdftexcmds Info: \pdf@ifprimitive is available.
Package pdftexcmds Info: \pdfdraftmode found.
Package: pdfescape 2011/11/25 v1.13 Implements pdfTeX's escape features (HO)
Package: bigintcalc 2012/04/08 v1.3 Expandable calculations on big integers (HO
)
Package: bitset 2011/01/30 v1.1 Handle bit-vector datatype (HO)
Package: uniquecounter 2011/01/30 v1.2 Provide unlimited unique counter (HO)
)
Package hobsub Info: Skipping package `hobsub' (already loaded).
Package: letltxmacro 2010/09/02 v1.4 Let assignment for LaTeX macros (HO)
Package: hopatch 2012/05/28 v1.2 Wrapper for package hooks (HO)
Package: xcolor-patch 2011/01/30 xcolor patch
Package: atveryend 2011/06/30 v1.8 Hooks at the very end of document (HO)
Package atveryend Info: \enddocument detected (standard20110627).
Package: atbegshi 2011/10/05 v1.16 At begin shipout hook (HO)
Package: refcount 2011/10/16 v3.4 Data extraction from label references (HO)
Package: hycolor 2011/01/30 v1.7 Color options for hyperref/bookmark (HO)
)
(/usr/share/texlive/texmf-dist/tex/latex/graphics/keyval.sty
Package: keyval 1999/03/16 v1.13 key=value parser (DPC)
\KV@toks@=\toks15
)
(/usr/share/texlive/texmf-dist/tex/generic/ifxetex/ifxetex.sty
Package: ifxetex 2010/09/12 v0.6 Provides ifxetex conditional
)
(/usr/share/texlive/texmf-dist/tex/latex/oberdiek/kvoptions.sty
Package: kvoptions 2011/06/30 v3.11 Key value format for package options (HO)
)
\@linkdim=\dimen104
\Hy@linkcounter=\count91
\Hy@pagecounter=\count92

(/usr/share/texlive/texmf-dist/tex/latex/hyperref/pd1enc.def
File: pd1enc.def 2012/05/13 v6.82q Hyperref: PDFDocEncoding definition (HO)
)
\Hy@SavedSpaceFactor=\count93

(/usr/share/texlive/texmf-dist/tex/latex/latexconfig/hyperref.cfg
File: hyperref.cfg 2002/06/06 v1.2 hyperref configuration of TeXLive
)
Package hyperref Info: Option `bookmarks' set `true' on input line 3941.
Package hyperref Info: Hyper figures OFF on input line 4062.
Package hyperref Info: Link nesting OFF on input line 4067.
Package hyperref Info: Hyper index ON on input line 4070.
Package hyperref Info: Plain pages OFF on input line 4077.
Package hyperref Info: Backreferencing OFF on input line 4082.
Package hyperref Info: Implicit mode ON; LaTeX internals redefined.
Package hyperref Info: Bookmarks ON on input line 4300.
\c@Hy@tempcnt=\count94

(/usr/share/texlive/texmf-dist/tex/latex/url/url.sty
\Urlmuskip=\muskip10
Package: url 2006/04/12  ver 3.3  Verb mode for urls, etc.
)
LaTeX Info: Redefining \url on input line 4653.
\Fld@menulength=\count95
\Field@Width=\dimen105
\Fld@charsize=\dimen106
Package hyperref Info: Hyper figures OFF on input line 5773.
Package hyperref Info: Link nesting OFF on input line 5778.
Package hyperref Info: Hyper index ON on input line 5781.
Package hyperref Info: backreferencing OFF on input line 5788.
Package hyperref Info: Link coloring OFF on input line 5793.
Package hyperref Info: Link coloring with OCG OFF on input line 5798.
Package hyperref Info: PDF/A mode OFF on input line 5803.
LaTeX Info: Redefining \ref on input line 5843.
LaTeX Info: Redefining \pageref on input line 5847.
\Hy@abspage=\count96
\c@Item=\count97
\c@Hfootnote=\count98
)

Package hyperref Message: Driver (autodetected): hpdftex.

(/usr/share/texlive/texmf-dist/tex/latex/hyperref/hpdftex.def
File: hpdftex.def 2012/05/13 v6.82q Hyperref driver for pdfTeX
\Fld@listcount=\count99
\c@bookmark@seq@number=\count100

(/usr/share/texlive/texmf-dist/tex/latex/oberdiek/rerunfilecheck.sty
Package: rerunfilecheck 2011/04/15 v1.7 Rerun checks for auxiliary files (HO)
Package uniquecounter Info: New unique counter `rerunfilecheck' on input line 2
82.
)
\Hy@SectionHShift=\skip43
)
(/usr/share/texlive/texmf-dist/tex/latex/base/inputenc.sty
Package: inputenc 2008/03/30 v1.1d Input encoding file
\inpenc@prehook=\toks16
\inpenc@posthook=\toks17

(/usr/share/texlive/texmf-dist/tex/latex/ucs/utf8x.def
File: utf8x.def 2004/10/17 UCS: Input encoding UTF-8
))
(/usr/share/texlive/texmf-dist/tex/latex/ucs/ucs.sty
Package: ucs 2004/10/17 UCS: Unicode input support

(/usr/share/texlive/texmf-dist/tex/latex/ucs/data/uni-global.def
File: uni-global.def 2012/04/20 UCS: Unicode global data
)
\uc@secondtry=\count101
\uc@combtoks=\toks18
\uc@combtoksb=\toks19
\uc@temptokena=\toks20
)
(/usr/share/texmf/tex/latex/lm/lmodern.sty
Package: lmodern 2009/10/30 v1.6 Latin Modern Fonts
LaTeX Font Info:    Overwriting symbol font `operators' in version `normal'
(Font)                  OT1/cmr/m/n --> OT1/lmr/m/n on input line 22.
LaTeX Font Info:    Overwriting symbol font `letters' in version `normal'
(Font)                  OML/cmm/m/it --> OML/lmm/m/it on input line 23.
LaTeX Font Info:    Overwriting symbol font `symbols' in version `normal'
(Font)                  OMS/cmsy/m/n --> OMS/lmsy/m/n on input line 24.
LaTeX Font Info:    Overwriting symbol font `largesymbols' in version `normal'
(Font)                  OMX/cmex/m/n --> OMX/lmex/m/n on input line 25.
LaTeX Font Info:    Overwriting symbol font `operators' in version `bold'
(Font)                  OT1/cmr/bx/n --> OT1/lmr/bx/n on input line 26.
LaTeX Font Info:    Overwriting symbol font `letters' in version `bold'
(Font)                  OML/cmm/b/it --> OML/lmm/b/it on input line 27.
LaTeX Font Info:    Overwriting symbol font `symbols' in version `bold'
(Font)                  OMS/cmsy/b/n --> OMS/lmsy/b/n on input line 28.
LaTeX Font Info:    Overwriting symbol font `largesymbols' in version `bold'
(Font)                  OMX/cmex/m/n --> OMX/lmex/m/n on input line 29.
LaTeX Font Info:    Overwriting math alphabet `\mathbf' in version `normal'
(Font)                  OT1/cmr/bx/n --> OT1/lmr/bx/n on input line 31.
LaTeX Font Info:    Overwriting math alphabet `\mathsf' in version `normal'
(Font)                  OT1/cmss/m/n --> OT1/lmss/m/n on input line 32.
LaTeX Font Info:    Overwriting math alphabet `\mathit' in version `normal'
(Font)                  OT1/cmr/m/it --> OT1/lmr/m/it on input line 33.
LaTeX Font Info:    Overwriting math alphabet `\mathtt' in version `normal'
(Font)                  OT1/cmtt/m/n --> OT1/lmtt/m/n on input line 34.
LaTeX Font Info:    Overwriting math alphabet `\mathbf' in version `bold'
(Font)                  OT1/cmr/bx/n --> OT1/lmr/bx/n on input line 35.
LaTeX Font Info:    Overwriting math alphabet `\mathsf' in version `bold'
(Font)                  OT1/cmss/bx/n --> OT1/lmss/bx/n on input line 36.
LaTeX Font Info:    Overwriting math alphabet `\mathit' in version `bold'
(Font)                  OT1/cmr/bx/it --> OT1/lmr/bx/it on input line 37.
LaTeX Font Info:    Overwriting math alphabet `\mathtt' in version `bold'
(Font)                  OT1/cmtt/m/n --> OT1/lmtt/m/n on input line 38.
)
(/usr/share/texlive/texmf-dist/tex/latex/graphics/graphicx.sty
Package: graphicx 1999/02/16 v1.0f Enhanced LaTeX Graphics (DPC,SPQR)

(/usr/share/texlive/texmf-dist/tex/latex/graphics/graphics.sty
Package: graphics 2009/02/05 v1.0o Standard LaTeX Graphics (DPC,SPQR)

(/usr/share/texlive/texmf-dist/tex/latex/graphics/trig.sty
Package: trig 1999/03/16 v1.09 sin cos tan (DPC)
)
(/usr/share/texlive/texmf-dist/tex/latex/latexconfig/graphics.cfg
File: graphics.cfg 2010/04/23 v1.9 graphics configuration of TeX Live
)
Package graphics Info: Driver file: pdftex.def on input line 91.

(/usr/share/texlive/texmf-dist/tex/latex/pdftex-def/pdftex.def
File: pdftex.def 2011/05/27 v0.06d Graphics/color for pdfTeX
\Gread@gobject=\count102
))
\Gin@req@height=\dimen107
\Gin@req@width=\dimen108
)
(/usr/share/texlive/texmf-dist/tex/latex/oberdiek/epstopdf.sty
Package: epstopdf 2010/02/09 v2.5 Conversion with epstopdf on the fly (HO)

(/usr/share/texlive/texmf-dist/tex/latex/oberdiek/epstopdf-base.sty
Package: epstopdf-base 2010/02/09 v2.5 Base part for package epstopdf

(/usr/share/texlive/texmf-dist/tex/latex/oberdiek/grfext.sty
Package: grfext 2010/08/19 v1.1 Manage graphics extensions (HO)
)
Package grfext Info: Graphics extension search list:
(grfext)             [.png,.pdf,.jpg,.mps,.jpeg,.jbig2,.jb2,.PNG,.PDF,.JPG,.JPE
G,.JBIG2,.JB2,.eps]
(grfext)             \AppendGraphicsExtensions on input line 452.

(/usr/share/texlive/texmf-dist/tex/latex/latexconfig/epstopdf-sys.cfg
File: epstopdf-sys.cfg 2010/07/13 v1.3 Configuration of (r)epstopdf for TeX Liv
e
)))
(/usr/share/texlive/texmf-dist/tex/latex/oberdiek/pdflscape.sty
Package: pdflscape 2008/08/11 v0.10 Display of landscape pages in PDF (HO)

(/usr/share/texlive/texmf-dist/tex/latex/graphics/lscape.sty
Package: lscape 2000/10/22 v3.01 Landscape Pages (DPC)
)
Package pdflscape Info: Auto-detected driver: pdftex on input line 80.
)
(/usr/share/texlive/texmf-dist/tex/latex/tools/array.sty
Package: array 2008/09/09 v2.4c Tabular extension package (FMi)
\col@sep=\dimen109
\extrarowheight=\dimen110
\NC@list=\toks21
\extratabsurround=\skip44
\backup@length=\skip45
)
(/usr/share/texlive/texmf-dist/tex/latex/hvfloat/hvfloat.sty
Package: hvfloat 2012/03/04 rotating of floating objects

`hvfloat' v1.1, 2012/03/04 (Herbert Voss)
(/usr/share/texlive/texmf-dist/tex/latex/caption/caption.sty
Package: caption 2012/02/19 v3.2f Customizing captions (AR)

(/usr/share/texlive/texmf-dist/tex/latex/caption/caption3.sty
Package: caption3 2012/01/12 v1.4b caption3 kernel (AR)
\captionmargin=\dimen111
\captionmargin@=\dimen112
\captionwidth=\dimen113
\caption@indent=\dimen114
\caption@parindent=\dimen115
\caption@hangindent=\dimen116
)
\c@ContinuedFloat=\count103
Package caption Info: hyperref package is loaded.
)
\hvObjectWidth=\skip46
\hvCapWidth=\skip47
\hvMaxCapWidth=\skip48
\hvObjectBox=\box26
\hvCaptionBox=\box27
\hvOBox=\box28
\hvAboveCaptionSkip=\skip49
\hvBelowCaptionSkip=\skip50
)
(/usr/share/texlive/texmf-dist/tex/latex/apacite/apacite.sty
Package: apacite 2012/02/25 v6.01 APA citation
\c@BibCnt=\count104
\bibleftmargin=\skip51
\bibindent=\skip52
\bibparsep=\skip53
\bibitemsep=\skip54
\biblabelsep=\skip55
)
(/usr/share/texlive/texmf-dist/tex/latex/chngcntr/chngcntr.sty
Package: chngcntr 2009/09/02 v1.0a change counter resetting
)
(/usr/share/texlive/texmf-dist/tex/latex/mh/mathtools.sty
Package: mathtools 2012/04/24 v1.12 mathematical typesetting tools

(/usr/share/texlive/texmf-dist/tex/latex/tools/calc.sty
Package: calc 2007/08/22 v4.3 Infix arithmetic (KKT,FJ)
\calc@Acount=\count105
\calc@Bcount=\count106
\calc@Adimen=\dimen117
\calc@Bdimen=\dimen118
\calc@Askip=\skip56
\calc@Bskip=\skip57
LaTeX Info: Redefining \setlength on input line 76.
LaTeX Info: Redefining \addtolength on input line 77.
\calc@Ccount=\count107
\calc@Cskip=\skip58
)
(/usr/share/texlive/texmf-dist/tex/latex/mh/mhsetup.sty
Package: mhsetup 2010/01/21 v1.2a programming setup (MH)
)
(/usr/share/texlive/texmf-dist/tex/latex/amsmath/amsmath.sty
Package: amsmath 2000/07/18 v2.13 AMS math features
\@mathmargin=\skip59

For additional information on amsmath, use the `?' option.
(/usr/share/texlive/texmf-dist/tex/latex/amsmath/amstext.sty
Package: amstext 2000/06/29 v2.01

(/usr/share/texlive/texmf-dist/tex/latex/amsmath/amsgen.sty
File: amsgen.sty 1999/11/30 v2.0
\@emptytoks=\toks22
\ex@=\dimen119
))
(/usr/share/texlive/texmf-dist/tex/latex/amsmath/amsbsy.sty
Package: amsbsy 1999/11/29 v1.2d
\pmbraise@=\dimen120
)
(/usr/share/texlive/texmf-dist/tex/latex/amsmath/amsopn.sty
Package: amsopn 1999/12/14 v2.01 operator names
)
\inf@bad=\count108
LaTeX Info: Redefining \frac on input line 211.
\uproot@=\count109
\leftroot@=\count110
LaTeX Info: Redefining \overline on input line 307.
\classnum@=\count111
\DOTSCASE@=\count112
LaTeX Info: Redefining \ldots on input line 379.
LaTeX Info: Redefining \dots on input line 382.
LaTeX Info: Redefining \cdots on input line 467.
\Mathstrutbox@=\box29
\strutbox@=\box30
\big@size=\dimen121
LaTeX Font Info:    Redeclaring font encoding OML on input line 567.
LaTeX Font Info:    Redeclaring font encoding OMS on input line 568.
\macc@depth=\count113
\c@MaxMatrixCols=\count114
\dotsspace@=\muskip11
\c@parentequation=\count115
\dspbrk@lvl=\count116
\tag@help=\toks23
\row@=\count117
\column@=\count118
\maxfields@=\count119
\andhelp@=\toks24
\eqnshift@=\dimen122
\alignsep@=\dimen123
\tagshift@=\dimen124
\tagwidth@=\dimen125
\totwidth@=\dimen126
\lineht@=\dimen127
\@envbody=\toks25
\multlinegap=\skip60
\multlinetaggap=\skip61
\mathdisplay@stack=\toks26
LaTeX Info: Redefining \[ on input line 2666.
LaTeX Info: Redefining \] on input line 2667.
)
\g_MT_multlinerow_int=\count120
\l_MT_multwidth_dim=\dimen128
\origjot=\skip62
\l_MT_shortvdotswithinadjustabove_dim=\dimen129
\l_MT_shortvdotswithinadjustbelow_dim=\dimen130
\l_MT_above_intertext_dim=\dimen131
\l_MT_below_intertext_dim=\dimen132
\l_MT_above_shortintertext_dim=\dimen133
\l_MT_below_shortintertext_dim=\dimen134
)

LaTeX Warning: Unused global option(s):
    [letter].

(./Anteproyecto.aux
LaTeX Info: Redefining \. on input line 21.
LaTeX Info: Redefining \% on input line 21.
)
\openout1 = `Anteproyecto.aux'.

LaTeX Font Info:    Checking defaults for OML/cmm/m/it on input line 49.
LaTeX Font Info:    ... okay on input line 49.
LaTeX Font Info:    Checking defaults for T1/cmr/m/n on input line 49.
LaTeX Font Info:    ... okay on input line 49.
LaTeX Font Info:    Checking defaults for OT1/cmr/m/n on input line 49.
LaTeX Font Info:    ... okay on input line 49.
LaTeX Font Info:    Checking defaults for OMS/cmsy/m/n on input line 49.
LaTeX Font Info:    ... okay on input line 49.
LaTeX Font Info:    Checking defaults for OMX/cmex/m/n on input line 49.
LaTeX Font Info:    ... okay on input line 49.
LaTeX Font Info:    Checking defaults for U/cmr/m/n on input line 49.
LaTeX Font Info:    ... okay on input line 49.
LaTeX Font Info:    Checking defaults for PD1/pdf/m/n on input line 49.
LaTeX Font Info:    ... okay on input line 49.
LaTeX Font Info:    Try loading font information for OT1+lmr on input line 49.
 (/usr/share/texmf/tex/latex/lm/ot1lmr.fd
File: ot1lmr.fd 2009/10/30 v1.6 Font defs for Latin Modern
)
LaTeX Info: Redefining \. on input line 49.
LaTeX Info: Redefining \% on input line 49.
\AtBeginShipoutBox=\box31
Package hyperref Info: Link coloring OFF on input line 49.

(/usr/share/texlive/texmf-dist/tex/latex/hyperref/nameref.sty
Package: nameref 2010/04/30 v2.40 Cross-referencing by name of section

(/usr/share/texlive/texmf-dist/tex/generic/oberdiek/gettitlestring.sty
Package: gettitlestring 2010/12/03 v1.4 Cleanup title references (HO)
)
\c@section@level=\count121
)
LaTeX Info: Redefining \ref on input line 49.
LaTeX Info: Redefining \pageref on input line 49.
LaTeX Info: Redefining \nameref on input line 49.

(./Anteproyecto.out) (./Anteproyecto.out)
\@outlinefile=\write3
\openout3 = `Anteproyecto.out'.


(/usr/share/texlive/texmf-dist/tex/latex/ucs/ucsencs.def
File: ucsencs.def 2011/01/21 Fixes to fontencodings LGR, T3
)
(/usr/share/texlive/texmf-dist/tex/context/base/supp-pdf.mkii
[Loading MPS to PDF converter (version 2006.09.02).]
\scratchcounter=\count122
\scratchdimen=\dimen135
\scratchbox=\box32
\nofMPsegments=\count123
\nofMParguments=\count124
\everyMPshowfont=\toks27
\MPscratchCnt=\count125
\MPscratchDim=\dimen136
\MPnumerator=\count126
\makeMPintoPDFobject=\count127
\everyMPtoPDFconversion=\toks28
)
Package caption Info: Begin \AtBeginDocument code.
Package caption Info: End \AtBeginDocument code.
\c@maskedRefs=\count128
 (/usr/share/texlive/texmf-dist/tex/latex/apacite/spanish.apc
File: spanish.apc 2012/02/25 v6.01 apacite language file
LaTeX Info: Redefining \BPBI on input line 138.
LaTeX Info: Redefining \BHBI on input line 139.
)
Package epstopdf Info: Source file: <imagenes/Logo_Distrital.eps>
(epstopdf)                    date: 2014-02-27 11:11:13
(epstopdf)                    size: 76597 bytes
(epstopdf)             Output file: <imagenes/Logo_Distrital-eps-converted-to.p
df>
(epstopdf)                    date: 2014-09-07 10:09:58
(epstopdf)                    size: 14741 bytes
(epstopdf)             Command: <repstopdf --outfile=imagenes/Logo_Distrital-ep
s-converted-to.pdf imagenes/Logo_Distrital.eps>
(epstopdf)             \includegraphics on input line 57.
Package epstopdf Info: Output file is already uptodate.

<imagenes/Logo_Distrital-eps-converted-to.pdf, id=329, 266.9975pt x 230.8625pt>
File: imagenes/Logo_Distrital-eps-converted-to.pdf Graphic file (type pdf)
<use imagenes/Logo_Distrital-eps-converted-to.pdf>
Package pdftex.def Info: imagenes/Logo_Distrital-eps-converted-to.pdf used on i
nput line 57.
(pdftex.def)             Requested size: 227.62204pt x 196.82233pt.

(/usr/share/texlive/texmf-dist/tex/latex/ucs/data/uni-0.def
File: uni-0.def 2012/04/20 UCS: Unicode data U+0000..U+00FF
) [1


{/var/lib/texmf/fonts/map/pdftex/updmap/pdftex.map} <./imagenes/Logo_Distrital-
eps-converted-to.pdf>] [2] (./Anteproyecto.toc
LaTeX Info: Redefining \. on input line 1.
LaTeX Info: Redefining \% on input line 1.
LaTeX Font Info:    Try loading font information for OML+lmm on input line 4.
 (/usr/share/texmf/tex/latex/lm/omllmm.fd
File: omllmm.fd 2009/10/30 v1.6 Font defs for Latin Modern
)
LaTeX Font Info:    Try loading font information for OMS+lmsy on input line 4.

(/usr/share/texmf/tex/latex/lm/omslmsy.fd
File: omslmsy.fd 2009/10/30 v1.6 Font defs for Latin Modern
)
LaTeX Font Info:    Try loading font information for OMX+lmex on input line 4.

(/usr/share/texmf/tex/latex/lm/omxlmex.fd
File: omxlmex.fd 2009/10/30 v1.6 Font defs for Latin Modern
)
LaTeX Font Info:    External font `lmex10' loaded for size
(Font)              <12> on input line 4.
LaTeX Font Info:    External font `lmex10' loaded for size
(Font)              <8> on input line 4.
LaTeX Font Info:    External font `lmex10' loaded for size
(Font)              <6> on input line 4.
 [3

]
Underfull \vbox (badness 3281) has occurred while \output is active []

LaTeX Info: Redefining \. on input line 46.
LaTeX Info: Redefining \% on input line 46.
 [4]
Underfull \vbox (badness 7613) has occurred while \output is active []

LaTeX Info: Redefining \. on input line 70.
LaTeX Info: Redefining \% on input line 70.
 [5])
\tf@toc=\write4
\openout4 = `Anteproyecto.toc'.

LaTeX Info: Redefining \. on input line 97.
LaTeX Info: Redefining \% on input line 97.

[6] (./Anteproyecto.lof
LaTeX Info: Redefining \. on input line 1.
LaTeX Info: Redefining \% on input line 1.

Underfull \vbox (badness 3009) has occurred while \output is active []

 [7


]
Overfull \hbox (1.62112pt too wide) in paragraph at lines 28--28
 \OT1/lmr/m/n/12 dad del soft-ware en el es-tandar ISO/IEC 9126 y las propiedad
es 
 []

)
\tf@lof=\write5
\openout5 = `Anteproyecto.lof'.

LaTeX Info: Redefining \. on input line 101.
LaTeX Info: Redefining \% on input line 101.
 [8] (./Anteproyecto.lot
LaTeX Info: Redefining \. on input line 1.
LaTeX Info: Redefining \% on input line 1.
)
\tf@lot=\write6
\openout6 = `Anteproyecto.lot'.

 [9


]
LaTeX Info: Redefining \. on input line 108.
LaTeX Info: Redefining \% on input line 108.
 [10

] (./Capitulos/Introduccion/Introduccion.tex) [11]
LaTeX Info: Redefining \. on input line 113.
LaTeX Info: Redefining \% on input line 113.
 [12

] (./Capitulos/Glosario/Glosario.tex
(/usr/share/texlive/texmf-dist/tex/latex/ucs/data/uni-32.def
File: uni-32.def 2012/04/20 UCS: Unicode data U+2000..U+20FF
) [13]
Overfull \hbox (0.79999pt too wide) in paragraph at lines 16--17
[]\OT1/lmr/m/n/12 UX (Us-er eX-pe-ri-en-cie): Se re-fiere a la per-cep-ci^^Son 
que adquiere el usuario
 []

)
LaTeX Info: Redefining \. on input line 118.
LaTeX Info: Redefining \% on input line 118.
 [14]
Cap\'{\i }tulo 1.
(./Capitulos/Descripcion_problema/Descripcion_problema.tex
Underfull \vbox (badness 10000) has occurred while \output is active []

 [15

]
Underfull \vbox (badness 10000) has occurred while \output is active []

LaTeX Info: Redefining \. on input line 11.
LaTeX Info: Redefining \% on input line 11.
 [16])
[17]
LaTeX Info: Redefining \. on input line 121.
LaTeX Info: Redefining \% on input line 121.
 [18

]
Cap\'{\i }tulo 2.
(./Capitulos/Justificacion/Justificacion.tex
Underfull \vbox (badness 10000) has occurred while \output is active []

 [19])
Underfull \vbox (badness 10000) has occurred while \output is active []

LaTeX Info: Redefining \. on input line 123.
LaTeX Info: Redefining \% on input line 123.
 [20]
[21]
LaTeX Info: Redefining \. on input line 124.
LaTeX Info: Redefining \% on input line 124.
 [22

]
Cap\'{\i }tulo 3.
(./Capitulos/Objetivos/General.tex) (./Capitulos/Objetivos/Especificos.tex
[23])
LaTeX Info: Redefining \. on input line 130.
LaTeX Info: Redefining \% on input line 130.
 [24]
Cap\'{\i }tulo 4.
(./Capitulos/Marco_teorico/Marco_conceptual.tex
(./Capitulos/Marco_teorico/Comunicacion.tex
Overfull \hbox (4.86365pt too wide) in paragraph at lines 5--6
\OT1/lmr/m/n/12 her-ramien-ta creado-ra de conocimien-to trans-feri-ble a sus c
ong^^Seneres o cualquier
 []

) [25

] (./Capitulos/Marco_teorico/Evolucion_web.tex
<./imagenes/utilizacion_internet.png, id=651, 746.79pt x 513.92pt>
File: ./imagenes/utilizacion_internet.png Graphic file (type png)

<use ./imagenes/utilizacion_internet.png>
Package pdftex.def Info: ./imagenes/utilizacion_internet.png used on input line
 7.
(pdftex.def)             Requested size: 284.52756pt x 195.80133pt.
)

LaTeX Warning: File `./imagenes/Red_simple.eps' not found on input line 15.

Package epstopdf Info: Source file: <./imagenes/Red_simple.eps>
(epstopdf)             Output file: <./imagenes/Red_simple-eps-converted-to.pdf
>
(epstopdf)                    date: 2014-09-07 10:15:38
(epstopdf)                    size: 3898 bytes
(epstopdf)             Command: <repstopdf --outfile=./imagenes/Red_simple-eps-
converted-to.pdf ./imagenes/Red_simple.eps>
(epstopdf)             \includegraphics on input line 15.
Package epstopdf Info: Output file is already uptodate.

<./imagenes/Red_simple-eps-converted-to.pdf, id=657, 135.50626pt x 57.21375pt>
File: ./imagenes/Red_simple-eps-converted-to.pdf Graphic file (type pdf)

<use ./imagenes/Red_simple-eps-converted-to.pdf>
Package pdftex.def Info: ./imagenes/Red_simple-eps-converted-to.pdf used on inp
ut line 15.
(pdftex.def)             Requested size: 135.5059pt x 57.2136pt.
LaTeX Info: Redefining \. on input line 23.
LaTeX Info: Redefining \% on input line 23.
 [26]
Underfull \vbox (badness 2707) has occurred while \output is active []

LaTeX Info: Redefining \. on input line 25.
LaTeX Info: Redefining \% on input line 25.
 [27 <./imagenes/utilizacion_internet.png (PNG copy)> <./imagenes/Red_simple-ep
s-converted-to.pdf>]
Package epstopdf Info: Source file: <./imagenes/Red_asimetrica.eps>
(epstopdf)                    date: 2014-09-07 10:14:55
(epstopdf)                    size: 4769 bytes
(epstopdf)             Output file: <./imagenes/Red_asimetrica-eps-converted-to
.pdf>
(epstopdf)                    date: 2014-09-07 10:15:39
(epstopdf)                    size: 4974 bytes
(epstopdf)             Command: <repstopdf --outfile=./imagenes/Red_asimetrica-
eps-converted-to.pdf ./imagenes/Red_asimetrica.eps>
(epstopdf)             \includegraphics on input line 28.
Package epstopdf Info: Output file is already uptodate.

<./imagenes/Red_asimetrica-eps-converted-to.pdf, id=678, 206.7725pt x 67.25125p
t>
File: ./imagenes/Red_asimetrica-eps-converted-to.pdf Graphic file (type pdf)
 <use ./imagenes/Red_asimetrica-eps-converted-to.pdf>
Package pdftex.def Info: ./imagenes/Red_asimetrica-eps-converted-to.pdf used on
 input line 28.
(pdftex.def)             Requested size: 206.77199pt x 67.25107pt.

Overfull \hbox (44.93935pt too wide) in paragraph at lines 38--38
[]\OT1/lmr/bx/n/17.28 Business Pro-cess Mod-el-ing No-ta-tion (BPMN) 
 []

LaTeX Info: Redefining \. on input line 48.
LaTeX Info: Redefining \% on input line 48.
[28 <./imagenes/Red_asimetrica-eps-converted-to.pdf>]
LaTeX Font Info:    Try loading font information for OMS+lmr on input line 67.

(/usr/share/texmf/tex/latex/lm/omslmr.fd
File: omslmr.fd 2009/10/30 v1.6 Font defs for Latin Modern
)
LaTeX Font Info:    Font shape `OMS/lmr/m/n' in size <12> not available
(Font)              Font shape `OMS/lmsy/m/n' tried instead on input line 67.
LaTeX Info: Redefining \. on input line 69.
LaTeX Info: Redefining \% on input line 69.
 [29]
<./imagenes/1.png, id=701, 539.01375pt x 415.5525pt>
File: ./imagenes/1.png Graphic file (type png)
 <use ./imagenes/1.png>
Package pdftex.def Info: ./imagenes/1.png used on input line 79.
(pdftex.def)             Requested size: 312.9803pt x 241.29327pt.

<./imagenes/2.png, id=705, 606.01407pt x 417.81094pt>
File: ./imagenes/2.png Graphic file (type png)
 <use ./imagenes/2.png>
Package pdftex.def Info: ./imagenes/2.png used on input line 90.
(pdftex.def)             Requested size: 312.9803pt x 215.78387pt.

<./imagenes/3.png, id=709, 397.485pt x 311.66437pt>
File: ./imagenes/3.png Graphic file (type png)
 <use ./imagenes/3.png>
Package pdftex.def Info: ./imagenes/3.png used on input line 101.
(pdftex.def)             Requested size: 312.9803pt x 245.41321pt.
LaTeX Info: Redefining \. on input line 114.
LaTeX Info: Redefining \% on input line 114.

[30]
LaTeX Info: Redefining \. on input line 120.
LaTeX Info: Redefining \% on input line 120.
 [31 <./imagenes/1.png>]
<./imagenes/5.png, id=723, 461.47406pt x 143.78719pt>
File: ./imagenes/5.png Graphic file (type png)
 <use ./imagenes/5.png>
Package pdftex.def Info: ./imagenes/5.png used on input line 129.
(pdftex.def)             Requested size: 312.9803pt x 97.51949pt.
LaTeX Info: Redefining \. on input line 137.
LaTeX Info: Redefining \% on input line 137.

[32 <./imagenes/2.png>]
Underfull \vbox (badness 2229) has occurred while \output is active []

LaTeX Info: Redefining \. on input line 139.
LaTeX Info: Redefining \% on input line 139.
 [33 <./imagenes/3.png> <./imagenes/5.png>]
<./imagenes/4.png, id=735, 510.40688pt x 424.58624pt>
File: ./imagenes/4.png Graphic file (type png)
 <use ./imagenes/4.png>
Package pdftex.def Info: ./imagenes/4.png used on input line 145.
(pdftex.def)             Requested size: 312.9803pt x 260.3707pt.
LaTeX Info: Redefining \. on input line 157.
LaTeX Info: Redefining \% on input line 157.

[34 <./imagenes/4.png>])
LaTeX Info: Redefining \. on input line 133.
LaTeX Info: Redefining \% on input line 133.
 [35]
LaTeX Info: Redefining \. on input line 133.
LaTeX Info: Redefining \% on input line 133.
 [36

]
Cap\'{\i }tulo 5.
(./Capitulos/Marco_teorico/Marco_teorico.tex
(./Capitulos/Marco_teorico/Redes_sociales.tex [37]
LaTeX Info: Redefining \. on input line 31.
LaTeX Info: Redefining \% on input line 31.
 [38]
Package epstopdf Info: Source file: <./imagenes/red_estrella.eps>
(epstopdf)                    date: 2014-09-07 10:14:55
(epstopdf)                    size: 8349 bytes
(epstopdf)             Output file: <./imagenes/red_estrella-eps-converted-to.p
df>
(epstopdf)                    date: 2014-09-07 10:15:39
(epstopdf)                    size: 5606 bytes
(epstopdf)             Command: <repstopdf --outfile=./imagenes/red_estrella-ep
s-converted-to.pdf ./imagenes/red_estrella.eps>
(epstopdf)             \includegraphics on input line 34.
Package epstopdf Info: Output file is already uptodate.

<./imagenes/red_estrella-eps-converted-to.pdf, id=776, 230.8625pt x 212.795pt>
File: ./imagenes/red_estrella-eps-converted-to.pdf Graphic file (type pdf)

<use ./imagenes/red_estrella-eps-converted-to.pdf>
Package pdftex.def Info: ./imagenes/red_estrella-eps-converted-to.pdf used on i
nput line 34.
(pdftex.def)             Requested size: 230.86192pt x 212.79446pt.

Underfull \vbox (badness 10000) has occurred while \output is active []

LaTeX Info: Redefining \. on input line 47.
LaTeX Info: Redefining \% on input line 47.
 [39 <./imagenes/red_estrella-eps-converted-to.pdf>]
LaTeX Info: Redefining \. on input line 66.
LaTeX Info: Redefining \% on input line 66.
 [40]
LaTeX Info: Redefining \. on input line 79.
LaTeX Info: Redefining \% on input line 79.
 [41]
Package epstopdf Info: Source file: <./imagenes/bow_tie.eps>
(epstopdf)                    date: 2014-09-07 10:14:55
(epstopdf)                    size: 6779 bytes
(epstopdf)             Output file: <./imagenes/bow_tie-eps-converted-to.pdf>
(epstopdf)                    date: 2014-09-07 10:15:39
(epstopdf)                    size: 5165 bytes
(epstopdf)             Command: <repstopdf --outfile=./imagenes/bow_tie-eps-con
verted-to.pdf ./imagenes/bow_tie.eps>
(epstopdf)             \includegraphics on input line 83.
Package epstopdf Info: Output file is already uptodate.

<./imagenes/bow_tie-eps-converted-to.pdf, id=808, 195.73125pt x 194.7275pt>
File: ./imagenes/bow_tie-eps-converted-to.pdf Graphic file (type pdf)

<use ./imagenes/bow_tie-eps-converted-to.pdf>
Package pdftex.def Info: ./imagenes/bow_tie-eps-converted-to.pdf used on input 
line 83.
(pdftex.def)             Requested size: 195.73076pt x 194.727pt.
Package epstopdf Info: Source file: <./imagenes/diada_1.eps>
(epstopdf)                    date: 2014-09-07 10:14:55
(epstopdf)                    size: 4402 bytes
(epstopdf)             Output file: <./imagenes/diada_1-eps-converted-to.pdf>
(epstopdf)                    date: 2014-09-07 10:15:40
(epstopdf)                    size: 4565 bytes
(epstopdf)             Command: <repstopdf --outfile=./imagenes/diada_1-eps-con
verted-to.pdf ./imagenes/diada_1.eps>
(epstopdf)             \includegraphics on input line 97.
Package epstopdf Info: Output file is already uptodate.

<./imagenes/diada_1-eps-converted-to.pdf, id=810, 136.51pt x 131.49126pt>
File: ./imagenes/diada_1-eps-converted-to.pdf Graphic file (type pdf)

<use ./imagenes/diada_1-eps-converted-to.pdf>
Package pdftex.def Info: ./imagenes/diada_1-eps-converted-to.pdf used on input 
line 97.
(pdftex.def)             Requested size: 85.35826pt x 82.21994pt.
Package epstopdf Info: Source file: <./imagenes/diada_2.eps>
(epstopdf)                    date: 2014-09-07 10:14:55
(epstopdf)                    size: 4749 bytes
(epstopdf)             Output file: <./imagenes/diada_2-eps-converted-to.pdf>
(epstopdf)                    date: 2014-09-07 10:15:40
(epstopdf)                    size: 4674 bytes
(epstopdf)             Command: <repstopdf --outfile=./imagenes/diada_2-eps-con
verted-to.pdf ./imagenes/diada_2.eps>
(epstopdf)             \includegraphics on input line 98.
Package epstopdf Info: Output file is already uptodate.

<./imagenes/diada_2-eps-converted-to.pdf, id=811, 135.50626pt x 82.3075pt>
File: ./imagenes/diada_2-eps-converted-to.pdf Graphic file (type pdf)

<use ./imagenes/diada_2-eps-converted-to.pdf>
Package pdftex.def Info: ./imagenes/diada_2-eps-converted-to.pdf used on input 
line 98.
(pdftex.def)             Requested size: 85.35826pt x 51.84895pt.
Package epstopdf Info: Source file: <./imagenes/diada_3.eps>
(epstopdf)                    date: 2014-09-07 10:14:55
(epstopdf)                    size: 4749 bytes
(epstopdf)             Output file: <./imagenes/diada_3-eps-converted-to.pdf>
(epstopdf)                    date: 2014-09-07 10:15:41
(epstopdf)                    size: 4725 bytes
(epstopdf)             Command: <repstopdf --outfile=./imagenes/diada_3-eps-con
verted-to.pdf ./imagenes/diada_3.eps>
(epstopdf)             \includegraphics on input line 99.
Package epstopdf Info: Output file is already uptodate.

<./imagenes/diada_3-eps-converted-to.pdf, id=812, 135.50626pt x 82.3075pt>
File: ./imagenes/diada_3-eps-converted-to.pdf Graphic file (type pdf)

<use ./imagenes/diada_3-eps-converted-to.pdf>
Package pdftex.def Info: ./imagenes/diada_3-eps-converted-to.pdf used on input 
line 99.
(pdftex.def)             Requested size: 85.35826pt x 51.84895pt.
Package epstopdf Info: Source file: <./imagenes/diada_4.eps>
(epstopdf)                    date: 2014-09-07 10:14:55
(epstopdf)                    size: 4749 bytes
(epstopdf)             Output file: <./imagenes/diada_4-eps-converted-to.pdf>
(epstopdf)                    date: 2014-09-07 10:15:41
(epstopdf)                    size: 4649 bytes
(epstopdf)             Command: <repstopdf --outfile=./imagenes/diada_4-eps-con
verted-to.pdf ./imagenes/diada_4.eps>
(epstopdf)             \includegraphics on input line 100.
Package epstopdf Info: Output file is already uptodate.

<./imagenes/diada_4-eps-converted-to.pdf, id=813, 135.50626pt x 82.3075pt>
File: ./imagenes/diada_4-eps-converted-to.pdf Graphic file (type pdf)

<use ./imagenes/diada_4-eps-converted-to.pdf>
Package pdftex.def Info: ./imagenes/diada_4-eps-converted-to.pdf used on input 
line 100.
(pdftex.def)             Requested size: 85.35826pt x 51.84895pt.

Overfull \hbox (0.63303pt too wide) in paragraph at lines 96--102
 [] 
 []

LaTeX Info: Redefining \. on input line 110.
LaTeX Info: Redefining \% on input line 110.
[42 <./imagenes/bow_tie-eps-converted-to.pdf>]
Package epstopdf Info: Source file: <./imagenes/triada_simetrica_1.eps>
(epstopdf)                    date: 2014-09-07 10:14:55
(epstopdf)                    size: 4983 bytes
(epstopdf)             Output file: <./imagenes/triada_simetrica_1-eps-converte
d-to.pdf>
(epstopdf)                    date: 2014-09-07 10:15:41
(epstopdf)                    size: 5064 bytes
(epstopdf)             Command: <repstopdf --outfile=./imagenes/triada_simetric
a_1-eps-converted-to.pdf ./imagenes/triada_simetrica_1.eps>
(epstopdf)             \includegraphics on input line 118.
Package epstopdf Info: Output file is already uptodate.

<./imagenes/triada_simetrica_1-eps-converted-to.pdf, id=824, 136.51pt x 133.498
75pt>
File: ./imagenes/triada_simetrica_1-eps-converted-to.pdf Graphic file (type pdf
)
 <use ./imagenes/triada_simetrica_1-eps-converted-to.pdf>
Package pdftex.def Info: ./imagenes/triada_simetrica_1-eps-converted-to.pdf use
d on input line 118.
(pdftex.def)             Requested size: 85.35826pt x 83.47519pt.
Package epstopdf Info: Source file: <./imagenes/triada_simetrica_2.eps>
(epstopdf)                    date: 2014-09-07 10:14:55
(epstopdf)                    size: 4852 bytes
(epstopdf)             Output file: <./imagenes/triada_simetrica_2-eps-converte
d-to.pdf>
(epstopdf)                    date: 2014-09-07 10:15:42
(epstopdf)                    size: 5155 bytes
(epstopdf)             Command: <repstopdf --outfile=./imagenes/triada_simetric
a_2-eps-converted-to.pdf ./imagenes/triada_simetrica_2.eps>
(epstopdf)             \includegraphics on input line 119.
Package epstopdf Info: Output file is already uptodate.

<./imagenes/triada_simetrica_2-eps-converted-to.pdf, id=825, 132.495pt x 196.73
5pt>
File: ./imagenes/triada_simetrica_2-eps-converted-to.pdf Graphic file (type pdf
)
 <use ./imagenes/triada_simetrica_2-eps-converted-to.pdf>
Package pdftex.def Info: ./imagenes/triada_simetrica_2-eps-converted-to.pdf use
d on input line 119.
(pdftex.def)             Requested size: 85.35826pt x 126.74449pt.
Package epstopdf Info: Source file: <./imagenes/triada_simetrica_3.eps>
(epstopdf)                    date: 2014-09-07 10:14:55
(epstopdf)                    size: 4704 bytes
(epstopdf)             Output file: <./imagenes/triada_simetrica_3-eps-converte
d-to.pdf>
(epstopdf)                    date: 2014-09-07 10:15:42
(epstopdf)                    size: 5259 bytes
(epstopdf)             Command: <repstopdf --outfile=./imagenes/triada_simetric
a_3-eps-converted-to.pdf ./imagenes/triada_simetrica_3.eps>
(epstopdf)             \includegraphics on input line 120.
Package epstopdf Info: Output file is already uptodate.

<./imagenes/triada_simetrica_3-eps-converted-to.pdf, id=826, 163.61125pt x 134.
5025pt>
File: ./imagenes/triada_simetrica_3-eps-converted-to.pdf Graphic file (type pdf
)
 <use ./imagenes/triada_simetrica_3-eps-converted-to.pdf>
Package pdftex.def Info: ./imagenes/triada_simetrica_3-eps-converted-to.pdf use
d on input line 120.
(pdftex.def)             Requested size: 85.35826pt x 70.17155pt.
Package epstopdf Info: Source file: <./imagenes/triada_simetrica_4.eps>
(epstopdf)                    date: 2014-09-07 10:14:55
(epstopdf)                    size: 4564 bytes
(epstopdf)             Output file: <./imagenes/triada_simetrica_4-eps-converte
d-to.pdf>
(epstopdf)                    date: 2014-09-07 10:15:42
(epstopdf)                    size: 5001 bytes
(epstopdf)             Command: <repstopdf --outfile=./imagenes/triada_simetric
a_4-eps-converted-to.pdf ./imagenes/triada_simetrica_4.eps>
(epstopdf)             \includegraphics on input line 121.
Package epstopdf Info: Output file is already uptodate.

<./imagenes/triada_simetrica_4-eps-converted-to.pdf, id=827, 142.5325pt x 149.5
5875pt>
File: ./imagenes/triada_simetrica_4-eps-converted-to.pdf Graphic file (type pdf
)
 <use ./imagenes/triada_simetrica_4-eps-converted-to.pdf>
Package pdftex.def Info: ./imagenes/triada_simetrica_4-eps-converted-to.pdf use
d on input line 121.
(pdftex.def)             Requested size: 85.35826pt x 89.56477pt.

Overfull \hbox (0.63303pt too wide) in paragraph at lines 117--123
 [] 
 []

LaTeX Info: Redefining \. on input line 131.
LaTeX Info: Redefining \% on input line 131.
[43 <./imagenes/diada_1-eps-converted-to.pdf> <./imagenes/diada_2-eps-converted
-to.pdf> <./imagenes/diada_3-eps-converted-to.pdf> <./imagenes/diada_4-eps-conv
erted-to.pdf> <./imagenes/triada_simetrica_1-eps-converted-to.pdf> <./imagenes/
triada_simetrica_2-eps-converted-to.pdf> <./imagenes/triada_simetrica_3-eps-con
verted-to.pdf> <./imagenes/triada_simetrica_4-eps-converted-to.pdf>]

LaTeX Warning: File `./imagenes/triada_003.eps' not found on input line 150.

Package epstopdf Info: Source file: <./imagenes/triada_003.eps>
(epstopdf)             Output file: <./imagenes/triada_003-eps-converted-to.pdf
>
(epstopdf)                    date: 2014-09-07 10:15:43
(epstopdf)                    size: 4280 bytes
(epstopdf)             Command: <repstopdf --outfile=./imagenes/triada_003-eps-
converted-to.pdf ./imagenes/triada_003.eps>
(epstopdf)             \includegraphics on input line 150.
Package epstopdf Info: Output file is already uptodate.

<./imagenes/triada_003-eps-converted-to.pdf, id=875, 142.5325pt x 175.65625pt>
File: ./imagenes/triada_003-eps-converted-to.pdf Graphic file (type pdf)

<use ./imagenes/triada_003-eps-converted-to.pdf>
Package pdftex.def Info: ./imagenes/triada_003-eps-converted-to.pdf used on inp
ut line 150.
(pdftex.def)             Requested size: 36.98866pt x 45.58377pt.
Package epstopdf Info: Source file: <./imagenes/triada_012.eps>
(epstopdf)                    date: 2014-09-07 10:14:55
(epstopdf)                    size: 4908 bytes
(epstopdf)             Output file: <./imagenes/triada_012-eps-converted-to.pdf
>
(epstopdf)                    date: 2014-09-07 10:15:43
(epstopdf)                    size: 4401 bytes
(epstopdf)             Command: <repstopdf --outfile=./imagenes/triada_012-eps-
converted-to.pdf ./imagenes/triada_012.eps>
(epstopdf)             \includegraphics on input line 151.
Package epstopdf Info: Output file is already uptodate.

<./imagenes/triada_012-eps-converted-to.pdf, id=876, 163.61125pt x 160.6pt>
File: ./imagenes/triada_012-eps-converted-to.pdf Graphic file (type pdf)

<use ./imagenes/triada_012-eps-converted-to.pdf>
Package pdftex.def Info: ./imagenes/triada_012-eps-converted-to.pdf used on inp
ut line 151.
(pdftex.def)             Requested size: 36.98866pt x 36.30742pt.
Package epstopdf Info: Source file: <./imagenes/triada_021C.eps>
(epstopdf)                    date: 2014-09-07 10:14:55
(epstopdf)                    size: 5282 bytes
(epstopdf)             Output file: <./imagenes/triada_021C-eps-converted-to.pd
f>
(epstopdf)                    date: 2014-09-07 10:15:43
(epstopdf)                    size: 4469 bytes
(epstopdf)             Command: <repstopdf --outfile=./imagenes/triada_021C-eps
-converted-to.pdf ./imagenes/triada_021C.eps>
(epstopdf)             \includegraphics on input line 152.
Package epstopdf Info: Output file is already uptodate.

<./imagenes/triada_021C-eps-converted-to.pdf, id=877, 132.495pt x 222.8325pt>
File: ./imagenes/triada_021C-eps-converted-to.pdf Graphic file (type pdf)

<use ./imagenes/triada_021C-eps-converted-to.pdf>
Package pdftex.def Info: ./imagenes/triada_021C-eps-converted-to.pdf used on in
put line 152.
(pdftex.def)             Requested size: 36.98866pt x 62.20906pt.
Package epstopdf Info: Source file: <./imagenes/triada_021D.eps>
(epstopdf)                    date: 2014-09-07 10:14:55
(epstopdf)                    size: 5286 bytes
(epstopdf)             Output file: <./imagenes/triada_021D-eps-converted-to.pd
f>
(epstopdf)                    date: 2014-09-07 10:15:44
(epstopdf)                    size: 4588 bytes
(epstopdf)             Command: <repstopdf --outfile=./imagenes/triada_021D-eps
-converted-to.pdf ./imagenes/triada_021D.eps>
(epstopdf)             \includegraphics on input line 153.
Package epstopdf Info: Output file is already uptodate.

<./imagenes/triada_021D-eps-converted-to.pdf, id=878, 132.495pt x 223.83624pt>
File: ./imagenes/triada_021D-eps-converted-to.pdf Graphic file (type pdf)

<use ./imagenes/triada_021D-eps-converted-to.pdf>
Package pdftex.def Info: ./imagenes/triada_021D-eps-converted-to.pdf used on in
put line 153.
(pdftex.def)             Requested size: 36.98866pt x 62.48927pt.
Package epstopdf Info: Source file: <./imagenes/triada_021U.eps>
(epstopdf)                    date: 2014-09-07 10:14:55
(epstopdf)                    size: 5290 bytes
(epstopdf)             Output file: <./imagenes/triada_021U-eps-converted-to.pd
f>
(epstopdf)                    date: 2014-09-07 10:15:44
(epstopdf)                    size: 4625 bytes
(epstopdf)             Command: <repstopdf --outfile=./imagenes/triada_021U-eps
-converted-to.pdf ./imagenes/triada_021U.eps>
(epstopdf)             \includegraphics on input line 154.
Package epstopdf Info: Output file is already uptodate.

<./imagenes/triada_021U-eps-converted-to.pdf, id=879, 132.495pt x 222.8325pt>
File: ./imagenes/triada_021U-eps-converted-to.pdf Graphic file (type pdf)

<use ./imagenes/triada_021U-eps-converted-to.pdf>
Package pdftex.def Info: ./imagenes/triada_021U-eps-converted-to.pdf used on in
put line 154.
(pdftex.def)             Requested size: 36.98866pt x 62.20906pt.
Package epstopdf Info: Source file: <./imagenes/triada_030C.eps>
(epstopdf)                    date: 2014-09-07 10:14:55
(epstopdf)                    size: 5634 bytes
(epstopdf)             Output file: <./imagenes/triada_030C-eps-converted-to.pd
f>
(epstopdf)                    date: 2014-09-07 10:15:44
(epstopdf)                    size: 4494 bytes
(epstopdf)             Command: <repstopdf --outfile=./imagenes/triada_030C-eps
-converted-to.pdf ./imagenes/triada_030C.eps>
(epstopdf)             \includegraphics on input line 155.
Package epstopdf Info: Output file is already uptodate.

<./imagenes/triada_030C-eps-converted-to.pdf, id=880, 136.51pt x 159.59625pt>
File: ./imagenes/triada_030C-eps-converted-to.pdf Graphic file (type pdf)

<use ./imagenes/triada_030C-eps-converted-to.pdf>
Package pdftex.def Info: ./imagenes/triada_030C-eps-converted-to.pdf used on in
put line 155.
(pdftex.def)             Requested size: 36.98866pt x 43.24254pt.
Package epstopdf Info: Source file: <./imagenes/triada_030T.eps>
(epstopdf)                    date: 2014-09-07 10:14:55
(epstopdf)                    size: 5624 bytes
(epstopdf)             Output file: <./imagenes/triada_030T-eps-converted-to.pd
f>
(epstopdf)                    date: 2014-09-07 10:15:45
(epstopdf)                    size: 4593 bytes
(epstopdf)             Command: <repstopdf --outfile=./imagenes/triada_030T-eps
-converted-to.pdf ./imagenes/triada_030T.eps>
(epstopdf)             \includegraphics on input line 156.
Package epstopdf Info: Output file is already uptodate.

<./imagenes/triada_030T-eps-converted-to.pdf, id=881, 136.51pt x 159.59625pt>
File: ./imagenes/triada_030T-eps-converted-to.pdf Graphic file (type pdf)

<use ./imagenes/triada_030T-eps-converted-to.pdf>
Package pdftex.def Info: ./imagenes/triada_030T-eps-converted-to.pdf used on in
put line 156.
(pdftex.def)             Requested size: 36.98866pt x 43.24254pt.
Package epstopdf Info: Source file: <./imagenes/triada_102.eps>
(epstopdf)                    date: 2014-09-07 10:14:55
(epstopdf)                    size: 5254 bytes
(epstopdf)             Output file: <./imagenes/triada_102-eps-converted-to.pdf
>
(epstopdf)                    date: 2014-09-07 10:15:45
(epstopdf)                    size: 4449 bytes
(epstopdf)             Command: <repstopdf --outfile=./imagenes/triada_102-eps-
converted-to.pdf ./imagenes/triada_102.eps>
(epstopdf)             \includegraphics on input line 157.
Package epstopdf Info: Output file is already uptodate.

<./imagenes/triada_102-eps-converted-to.pdf, id=882, 163.61125pt x 160.6pt>
File: ./imagenes/triada_102-eps-converted-to.pdf Graphic file (type pdf)

<use ./imagenes/triada_102-eps-converted-to.pdf>
Package pdftex.def Info: ./imagenes/triada_102-eps-converted-to.pdf used on inp
ut line 157.
(pdftex.def)             Requested size: 36.98866pt x 36.30742pt.
Package epstopdf Info: Source file: <./imagenes/triada_111D.eps>
(epstopdf)                    date: 2014-09-07 10:14:55
(epstopdf)                    size: 5645 bytes
(epstopdf)             Output file: <./imagenes/triada_111D-eps-converted-to.pd
f>
(epstopdf)                    date: 2014-09-07 10:15:45
(epstopdf)                    size: 4458 bytes
(epstopdf)             Command: <repstopdf --outfile=./imagenes/triada_111D-eps
-converted-to.pdf ./imagenes/triada_111D.eps>
(epstopdf)             \includegraphics on input line 158.
Package epstopdf Info: Output file is already uptodate.

<./imagenes/triada_111D-eps-converted-to.pdf, id=883, 132.495pt x 222.8325pt>
File: ./imagenes/triada_111D-eps-converted-to.pdf Graphic file (type pdf)

<use ./imagenes/triada_111D-eps-converted-to.pdf>
Package pdftex.def Info: ./imagenes/triada_111D-eps-converted-to.pdf used on in
put line 158.
(pdftex.def)             Requested size: 36.98866pt x 62.20906pt.
Package epstopdf Info: Source file: <./imagenes/triada_111U.eps>
(epstopdf)                    date: 2014-09-07 10:14:55
(epstopdf)                    size: 5637 bytes
(epstopdf)             Output file: <./imagenes/triada_111U-eps-converted-to.pd
f>
(epstopdf)                    date: 2014-09-07 10:15:46
(epstopdf)                    size: 4484 bytes
(epstopdf)             Command: <repstopdf --outfile=./imagenes/triada_111U-eps
-converted-to.pdf ./imagenes/triada_111U.eps>
(epstopdf)             \includegraphics on input line 159.
Package epstopdf Info: Output file is already uptodate.

<./imagenes/triada_111U-eps-converted-to.pdf, id=884, 132.495pt x 222.8325pt>
File: ./imagenes/triada_111U-eps-converted-to.pdf Graphic file (type pdf)

<use ./imagenes/triada_111U-eps-converted-to.pdf>
Package pdftex.def Info: ./imagenes/triada_111U-eps-converted-to.pdf used on in
put line 159.
(pdftex.def)             Requested size: 36.98866pt x 62.20906pt.
Package epstopdf Info: Source file: <./imagenes/triada_120C.eps>
(epstopdf)                    date: 2014-09-07 10:14:55
(epstopdf)                    size: 5983 bytes
(epstopdf)             Output file: <./imagenes/triada_120C-eps-converted-to.pd
f>
(epstopdf)                    date: 2014-09-07 10:15:46
(epstopdf)                    size: 4569 bytes
(epstopdf)             Command: <repstopdf --outfile=./imagenes/triada_120C-eps
-converted-to.pdf ./imagenes/triada_120C.eps>
(epstopdf)             \includegraphics on input line 160.
Package epstopdf Info: Output file is already uptodate.

<./imagenes/triada_120C-eps-converted-to.pdf, id=885, 136.51pt x 159.59625pt>
File: ./imagenes/triada_120C-eps-converted-to.pdf Graphic file (type pdf)

<use ./imagenes/triada_120C-eps-converted-to.pdf>
Package pdftex.def Info: ./imagenes/triada_120C-eps-converted-to.pdf used on in
put line 160.
(pdftex.def)             Requested size: 36.98866pt x 43.24254pt.
Package epstopdf Info: Source file: <./imagenes/triada_120D.eps>
(epstopdf)                    date: 2014-09-07 10:14:55
(epstopdf)                    size: 5993 bytes
(epstopdf)             Output file: <./imagenes/triada_120D-eps-converted-to.pd
f>
(epstopdf)                    date: 2014-09-07 10:15:46
(epstopdf)                    size: 4685 bytes
(epstopdf)             Command: <repstopdf --outfile=./imagenes/triada_120D-eps
-converted-to.pdf ./imagenes/triada_120D.eps>
(epstopdf)             \includegraphics on input line 161.
Package epstopdf Info: Output file is already uptodate.

<./imagenes/triada_120D-eps-converted-to.pdf, id=886, 136.51pt x 159.59625pt>
File: ./imagenes/triada_120D-eps-converted-to.pdf Graphic file (type pdf)

<use ./imagenes/triada_120D-eps-converted-to.pdf>
Package pdftex.def Info: ./imagenes/triada_120D-eps-converted-to.pdf used on in
put line 161.
(pdftex.def)             Requested size: 36.98866pt x 43.24254pt.
Package epstopdf Info: Source file: <./imagenes/triada_120U.eps>
(epstopdf)                    date: 2014-09-07 10:14:55
(epstopdf)                    size: 5977 bytes
(epstopdf)             Output file: <./imagenes/triada_120U-eps-converted-to.pd
f>
(epstopdf)                    date: 2014-09-07 10:15:47
(epstopdf)                    size: 4713 bytes
(epstopdf)             Command: <repstopdf --outfile=./imagenes/triada_120U-eps
-converted-to.pdf ./imagenes/triada_120U.eps>
(epstopdf)             \includegraphics on input line 162.
Package epstopdf Info: Output file is already uptodate.

<./imagenes/triada_120U-eps-converted-to.pdf, id=887, 136.51pt x 159.59625pt>
File: ./imagenes/triada_120U-eps-converted-to.pdf Graphic file (type pdf)

<use ./imagenes/triada_120U-eps-converted-to.pdf>
Package pdftex.def Info: ./imagenes/triada_120U-eps-converted-to.pdf used on in
put line 162.
(pdftex.def)             Requested size: 36.98866pt x 43.24254pt.
Package epstopdf Info: Source file: <./imagenes/triada_201.eps>
(epstopdf)                    date: 2014-09-07 10:14:55
(epstopdf)                    size: 5986 bytes
(epstopdf)             Output file: <./imagenes/triada_201-eps-converted-to.pdf
>
(epstopdf)                    date: 2014-09-07 10:15:47
(epstopdf)                    size: 4580 bytes
(epstopdf)             Command: <repstopdf --outfile=./imagenes/triada_201-eps-
converted-to.pdf ./imagenes/triada_201.eps>
(epstopdf)             \includegraphics on input line 163.
Package epstopdf Info: Output file is already uptodate.

<./imagenes/triada_201-eps-converted-to.pdf, id=888, 132.495pt x 223.83624pt>
File: ./imagenes/triada_201-eps-converted-to.pdf Graphic file (type pdf)

<use ./imagenes/triada_201-eps-converted-to.pdf>
Package pdftex.def Info: ./imagenes/triada_201-eps-converted-to.pdf used on inp
ut line 163.
(pdftex.def)             Requested size: 36.98866pt x 62.48927pt.
Package epstopdf Info: Source file: <./imagenes/triada_210.eps>
(epstopdf)                    date: 2014-09-07 10:14:55
(epstopdf)                    size: 6336 bytes
(epstopdf)             Output file: <./imagenes/triada_210-eps-converted-to.pdf
>
(epstopdf)                    date: 2014-09-07 10:15:47
(epstopdf)                    size: 4625 bytes
(epstopdf)             Command: <repstopdf --outfile=./imagenes/triada_210-eps-
converted-to.pdf ./imagenes/triada_210.eps>
(epstopdf)             \includegraphics on input line 164.
Package epstopdf Info: Output file is already uptodate.

<./imagenes/triada_210-eps-converted-to.pdf, id=889, 136.51pt x 159.59625pt>
File: ./imagenes/triada_210-eps-converted-to.pdf Graphic file (type pdf)

<use ./imagenes/triada_210-eps-converted-to.pdf>
Package pdftex.def Info: ./imagenes/triada_210-eps-converted-to.pdf used on inp
ut line 164.
(pdftex.def)             Requested size: 36.98866pt x 43.24254pt.
Package epstopdf Info: Source file: <./imagenes/triada_300.eps>
(epstopdf)                    date: 2014-09-07 10:14:55
(epstopdf)                    size: 6687 bytes
(epstopdf)             Output file: <./imagenes/triada_300-eps-converted-to.pdf
>
(epstopdf)                    date: 2014-09-07 10:15:48
(epstopdf)                    size: 4656 bytes
(epstopdf)             Command: <repstopdf --outfile=./imagenes/triada_300-eps-
converted-to.pdf ./imagenes/triada_300.eps>
(epstopdf)             \includegraphics on input line 165.
Package epstopdf Info: Output file is already uptodate.

<./imagenes/triada_300-eps-converted-to.pdf, id=890, 136.51pt x 159.59625pt>
File: ./imagenes/triada_300-eps-converted-to.pdf Graphic file (type pdf)

<use ./imagenes/triada_300-eps-converted-to.pdf>
Package pdftex.def Info: ./imagenes/triada_300-eps-converted-to.pdf used on inp
ut line 165.
(pdftex.def)             Requested size: 36.98866pt x 43.24254pt.

Overfull \hbox (4.70926pt too wide) in paragraph at lines 149--167
 [] 
 []

LaTeX Info: Redefining \. on input line 179.
LaTeX Info: Redefining \% on input line 179.
[44 <./imagenes/triada_003-eps-converted-to.pdf> <./imagenes/triada_012-eps-con
verted-to.pdf> <./imagenes/triada_021C-eps-converted-to.pdf> <./imagenes/triada
_021D-eps-converted-to.pdf> <./imagenes/triada_021U-eps-converted-to.pdf> <./im
agenes/triada_030C-eps-converted-to.pdf> <./imagenes/triada_030T-eps-converted-
to.pdf> <./imagenes/triada_102-eps-converted-to.pdf> <./imagenes/triada_111D-ep
s-converted-to.pdf> <./imagenes/triada_111U-eps-converted-to.pdf> <./imagenes/t
riada_120C-eps-converted-to.pdf> <./imagenes/triada_120D-eps-converted-to.pdf> 
<./imagenes/triada_120U-eps-converted-to.pdf> <./imagenes/triada_201-eps-conver
ted-to.pdf> <./imagenes/triada_210-eps-converted-to.pdf> <./imagenes/triada_300
-eps-converted-to.pdf>]
Package epstopdf Info: Source file: <./imagenes/red_krackhardt_kite.eps>
(epstopdf)                    date: 2014-09-07 10:14:55
(epstopdf)                    size: 8140 bytes
(epstopdf)             Output file: <./imagenes/red_krackhardt_kite-eps-convert
ed-to.pdf>
(epstopdf)                    date: 2014-09-07 10:15:48
(epstopdf)                    size: 5731 bytes
(epstopdf)             Command: <repstopdf --outfile=./imagenes/red_krackhardt_
kite-eps-converted-to.pdf ./imagenes/red_krackhardt_kite.eps>
(epstopdf)             \includegraphics on input line 184.
Package epstopdf Info: Output file is already uptodate.

<./imagenes/red_krackhardt_kite-eps-converted-to.pdf, id=977, 311.1625pt x 289.
08pt>
File: ./imagenes/red_krackhardt_kite-eps-converted-to.pdf Graphic file (type pd
f)
 <use ./imagenes/red_krackhardt_kite-eps-converted-to.pdf>
Package pdftex.def Info: ./imagenes/red_krackhardt_kite-eps-converted-to.pdf us
ed on input line 184.
(pdftex.def)             Requested size: 227.62204pt x 211.46773pt.
LaTeX Info: Redefining \. on input line 200.
LaTeX Info: Redefining \% on input line 200.
 [45]
Overfull \hbox (18.47556pt too wide) in paragraph at lines 203--204
[]\OT1/lmr/m/n/12 Completeness of the us-er net-work: Los in-di-vid-uales deben
 quer-er pertenecer
 []

LaTeX Info: Redefining \. on input line 205.
LaTeX Info: Redefining \% on input line 205.
[46 <./imagenes/red_krackhardt_kite-eps-converted-to.pdf>])
(./Capitulos/Marco_teorico/BPMN2.tex
Overfull \hbox (44.93935pt too wide) in paragraph at lines 1--1
[]\OT1/lmr/bx/n/17.28 Business Pro-cess Mod-el-ing No-ta-tion (BPMN) 
 []

<./imagenes/gateway_exclusivo.png, id=1005, 784.9325pt x 270.00874pt>
File: ./imagenes/gateway_exclusivo.png Graphic file (type png)

<use ./imagenes/gateway_exclusivo.png>
Package pdftex.def Info: ./imagenes/gateway_exclusivo.png used on input line 13
.
(pdftex.def)             Requested size: 312.9803pt x 107.66373pt.
LaTeX Info: Redefining \. on input line 21.
LaTeX Info: Redefining \% on input line 21.
 [47 <./imagenes/gateway_exclusivo.png>]
<./imagenes/gateway_paralelo.png, id=1018, 737.75626pt x 249.93375pt>
File: ./imagenes/gateway_paralelo.png Graphic file (type png)

<use ./imagenes/gateway_paralelo.png>
Package pdftex.def Info: ./imagenes/gateway_paralelo.png used on input line 24.

(pdftex.def)             Requested size: 312.9803pt x 106.02785pt.

<./imagenes/gateway_inclusivo.png, id=1022, 785.93625pt x 306.14375pt>
File: ./imagenes/gateway_inclusivo.png Graphic file (type png)

<use ./imagenes/gateway_inclusivo.png>
Package pdftex.def Info: ./imagenes/gateway_inclusivo.png used on input line 35
.
(pdftex.def)             Requested size: 312.9803pt x 121.9181pt.

<./imagenes/gateway_complejo.png, id=1026, 959.585pt x 337.26pt>
File: ./imagenes/gateway_complejo.png Graphic file (type png)

<use ./imagenes/gateway_complejo.png>
Package pdftex.def Info: ./imagenes/gateway_complejo.png used on input line 47.

(pdftex.def)             Requested size: 312.9803pt x 109.9993pt.
LaTeX Info: Redefining \. on input line 56.
LaTeX Info: Redefining \% on input line 56.
 [48 <./imagenes/gateway_paralelo.png> <./imagenes/gateway_inclusivo.png>]
<./imagenes/diagrama_colaboracion.png, id=1037, 958.58125pt x 464.73625pt>
File: ./imagenes/diagrama_colaboracion.png Graphic file (type png)

<use ./imagenes/diagrama_colaboracion.png>
Package pdftex.def Info: ./imagenes/diagrama_colaboracion.png used on input lin
e 65.
(pdftex.def)             Requested size: 312.9803pt x 151.73952pt.
LaTeX Info: Redefining \. on input line 76.
LaTeX Info: Redefining \% on input line 76.
 [49 <./imagenes/gateway_complejo.png>]
<./imagenes/diagrama_colaboracion_caja_negra.png, id=1047, 963.6pt x 434.62375p
t>
File: ./imagenes/diagrama_colaboracion_caja_negra.png Graphic file (type png)
 <use ./imagenes/diagrama_colaboracion_caja_negra.png>
Package pdftex.def Info: ./imagenes/diagrama_colaboracion_caja_negra.png used o
n input line 79.
(pdftex.def)             Requested size: 312.9803pt x 141.16483pt.
)
(./Capitulos/Marco_teorico/SOA.tex
Underfull \vbox (badness 10000) has occurred while \output is active []

LaTeX Info: Redefining \. on input line 5.
LaTeX Info: Redefining \% on input line 5.
 [50 <./imagenes/diagrama_colaboracion.png> <./imagenes/diagrama_colaboracion_c
aja_negra.png>] <./imagenes/6.png, id=1057, 386.19281pt x 241.65282pt>
File: ./imagenes/6.png Graphic file (type png)

<use ./imagenes/6.png>
Package pdftex.def Info: ./imagenes/6.png used on input line 8.
(pdftex.def)             Requested size: 312.9803pt x 195.84094pt.

Underfull \vbox (badness 10000) has occurred while \output is active []

LaTeX Info: Redefining \. on input line 20.
LaTeX Info: Redefining \% on input line 20.
 [51 <./imagenes/6.png>]
LaTeX Info: Redefining \. on input line 26.
LaTeX Info: Redefining \% on input line 26.
 [52]) (./Capitulos/Marco_teorico/Scrum.tex
LaTeX Info: Redefining \. on input line 24.
LaTeX Info: Redefining \% on input line 24.
 [53]
Overfull \hbox (1.93153pt too wide) in paragraph at lines 24--25
[]\OT1/lmr/m/n/12 Son mul-ti-fun-cionales: Se tienen in-te-grantes que mane-jan
 difer-entes ^^Sareas
 []

LaTeX Info: Redefining \. on input line 52.
LaTeX Info: Redefining \% on input line 52.
[54]
LaTeX Info: Redefining \. on input line 77.
LaTeX Info: Redefining \% on input line 77.
 [55]
LaTeX Info: Redefining \. on input line 95.
LaTeX Info: Redefining \% on input line 95.
 [56]) (./Capitulos/Marco_teorico/Requerimientos.tex

LaTeX Warning: Citation `measuring_maintainability' undefined on input line 4.

LaTeX Info: Redefining \. on input line 5.
LaTeX Info: Redefining \% on input line 5.
[57] <./imagenes/mantainability1.png, id=1109, 356.83313pt x 259.7203pt>
File: ./imagenes/mantainability1.png Graphic file (type png)

<use ./imagenes/mantainability1.png>
Package pdftex.def Info: ./imagenes/mantainability1.png used on input line 28.
(pdftex.def)             Requested size: 312.9803pt x 227.81348pt.
LaTeX Info: Redefining \. on input line 33.
LaTeX Info: Redefining \% on input line 33.
 [58]

LaTeX Warning: Command \textendash invalid in math mode on input line 39.

<./imagenes/mantainability2.png, id=1116, 268.00125pt x 103.13531pt>
File: ./imagenes/mantainability2.png Graphic file (type png)

<use ./imagenes/mantainability2.png>
Package pdftex.def Info: ./imagenes/mantainability2.png used on input line 43.
(pdftex.def)             Requested size: 312.9803pt x 120.44434pt.
LaTeX Info: Redefining \. on input line 48.
LaTeX Info: Redefining \% on input line 48.
 [59 <./imagenes/mantainability1.png>]
<./imagenes/mantainability3.png, id=1123, 266.49562pt x 141.52875pt>
File: ./imagenes/mantainability3.png Graphic file (type png)

<use ./imagenes/mantainability3.png>
Package pdftex.def Info: ./imagenes/mantainability3.png used on input line 54.
(pdftex.def)             Requested size: 312.9803pt x 166.2315pt.


LaTeX Warning: Reference `mantainability4' on page 60 undefined on input line 6
1.

<./imagenes/mantainability4.png, id=1128, 141.52875pt x 123.46124pt>
File: ./imagenes/mantainability4.png Graphic file (type png)

<use ./imagenes/mantainability4.png>
Package pdftex.def Info: ./imagenes/mantainability4.png used on input line 65.
(pdftex.def)             Requested size: 312.9803pt x 273.07928pt.


LaTeX Warning: Citation `complexity_mesure' undefined on input line 76.

LaTeX Info: Redefining \. on input line 79.
LaTeX Info: Redefining \% on input line 79.
[60 <./imagenes/mantainability2.png>]
LaTeX Info: Redefining \. on input line 83.
LaTeX Info: Redefining \% on input line 83.
 [61 <./imagenes/mantainability3.png>]
Underfull \vbox (badness 10000) has occurred while \output is active []

LaTeX Info: Redefining \. on input line 91.
LaTeX Info: Redefining \% on input line 91.
 [62 <./imagenes/mantainability4.png>]
Overfull \hbox (0.19481pt too wide) in paragraph at lines 101--102
[]\OT1/lmr/m/n/12 Para ll-e-var a cabo una me-di-da del cor-rec-to reuso de los
 ser-vi-cios, ser^^Sa nece-
 []

LaTeX Info: Redefining \. on input line 112.
LaTeX Info: Redefining \% on input line 112.
[63]

LaTeX Warning: Citation `quality_in_use' undefined on input line 121.

LaTeX Info: Redefining \. on input line 122.
LaTeX Info: Redefining \% on input line 122.
[64]
LaTeX Info: Redefining \. on input line 147.
LaTeX Info: Redefining \% on input line 147.
 [65]

LaTeX Warning: Citation `usability_ux' undefined on input line 150.


Overfull \hbox (0.96298pt too wide) in paragraph at lines 153--154
[]\OT1/lmr/bx/n/12 Eficiencia\OT1/lmr/m/n/12 : Ca-paci-dad del pro-duc-to de so
ft-ware para ofre-cer rendimien-
 []


LaTeX Warning: Citation `security_ws' undefined on input line 164.

LaTeX Info: Redefining \. on input line 168.
LaTeX Info: Redefining \% on input line 168.
[66]
LaTeX Info: Redefining \. on input line 189.
LaTeX Info: Redefining \% on input line 189.
 [67]) (./Capitulos/Marco_teorico/Estado_arte.tex
LaTeX Info: Redefining \. on input line 1.
LaTeX Info: Redefining \% on input line 1.
 [68]
LaTeX Info: Redefining \. on input line 7.
LaTeX Info: Redefining \% on input line 7.
 [69]
Overfull \hbox (20.58249pt too wide) in paragraph at lines 17--69
 [][] 
 []


Underfull \hbox (badness 1275) in paragraph at lines 133--133
[]|\OT1/lmr/m/n/12 Gesti^^Son de transver-
 []


Underfull \hbox (badness 1365) in paragraph at lines 133--133
[]|\OT1/lmr/m/n/12 Gesti^^Son de tipos de
 []


Underfull \hbox (badness 10000) in paragraph at lines 133--133
[]|\OT1/lmr/m/n/12 Gesti^^Son del
 []


Underfull \hbox (badness 1762) in paragraph at lines 133--133
[]|\OT1/lmr/m/n/12 Gesti^^Son de ge-olo-cal-
 []


Underfull \hbox (badness 5446) in paragraph at lines 133--133
[]|\OT1/lmr/m/n/12 Conexi^^Son con otros
 []


Overfull \hbox (20.55197pt too wide) in paragraph at lines 82--134
 [][] 
 []


LaTeX Warning: Float too large for page by 74.7858pt on input line 135.


Underfull \hbox (badness 1565) in paragraph at lines 199--199
[]|\OT1/lmr/m/n/12 - Foros con pro-fe-sion-ales (man-agers, coach-es,
 []


Underfull \hbox (badness 1275) in paragraph at lines 199--199
[]|\OT1/lmr/m/n/12 Gesti^^Son de transver-
 []


Underfull \hbox (badness 1365) in paragraph at lines 199--199
[]|\OT1/lmr/m/n/12 Gesti^^Son de tipos de
 []


Underfull \hbox (badness 10000) in paragraph at lines 199--199
[]|\OT1/lmr/m/n/12 Gesti^^Son del
 []


Underfull \hbox (badness 1762) in paragraph at lines 199--199
[]|\OT1/lmr/m/n/12 Gesti^^Son de ge-olo-cal-
 []


Underfull \hbox (badness 5446) in paragraph at lines 199--199
[]|\OT1/lmr/m/n/12 Conexi^^Son con otros
 []


Overfull \hbox (20.59245pt too wide) in paragraph at lines 147--200
 [][] 
 []


LaTeX Warning: Float too large for page by 119.98476pt on input line 202.


Overfull \hbox (20.58568pt too wide) in paragraph at lines 214--264
 [][] 
 []


LaTeX Warning: Float too large for page by 16.86304pt on input line 266.


Underfull \hbox (badness 1275) in paragraph at lines 319--319
[]|\OT1/lmr/m/n/12 Gesti^^Son de transver-
 []


Underfull \hbox (badness 1365) in paragraph at lines 319--319
[]|\OT1/lmr/m/n/12 Gesti^^Son de tipos de
 []


Underfull \hbox (badness 10000) in paragraph at lines 319--319
[]|\OT1/lmr/m/n/12 Gesti^^Son del
 []


Underfull \hbox (badness 1762) in paragraph at lines 319--319
[]|\OT1/lmr/m/n/12 Gesti^^Son de ge-olo-cal-
 []


Underfull \hbox (badness 5446) in paragraph at lines 319--319
[]|\OT1/lmr/m/n/12 Conexi^^Son con otros
 []


Overfull \hbox (20.59245pt too wide) in paragraph at lines 276--320
 [][] 
 []


LaTeX Warning: Float too large for page by 47.49173pt on input line 321.

LaTeX Info: Redefining \. on input line 323.
LaTeX Info: Redefining \% on input line 323.
[70]
LaTeX Info: Redefining \. on input line 323.
LaTeX Info: Redefining \% on input line 323.
 [71]
LaTeX Info: Redefining \. on input line 323.
LaTeX Info: Redefining \% on input line 323.
 [72]
LaTeX Info: Redefining \. on input line 323.
LaTeX Info: Redefining \% on input line 323.
 [73]
LaTeX Info: Redefining \. on input line 323.
LaTeX Info: Redefining \% on input line 323.
 [74]))
Cap\'{\i }tulo 6.
(./Capitulos/Marco_teorico/Marco_legal.tex [75



]
LaTeX Info: Redefining \. on input line 14.
LaTeX Info: Redefining \% on input line 14.
 [76]) [77]
LaTeX Info: Redefining \. on input line 142.
LaTeX Info: Redefining \% on input line 142.
 [78

]
Cap\'{\i }tulo 7.
(./Capitulos/Alcances_limitaciones/Alcances_limitaciones.tex
Overfull \hbox (6.16432pt too wide) in paragraph at lines 12--13
[]\OT1/lmr/m/n/12 Cercan^^S^^Pa en-tre usuar-ios del SNS que com-par-tan una re
laci^^Son (sea sim^^Setri-
 []

[79]
LaTeX Info: Redefining \. on input line 33.
LaTeX Info: Redefining \% on input line 33.
 [80])
LaTeX Info: Redefining \. on input line 145.
LaTeX Info: Redefining \% on input line 145.
 [81]
LaTeX Info: Redefining \. on input line 145.
LaTeX Info: Redefining \% on input line 145.
 [82

]
Cap\'{\i }tulo 8.
(./Capitulos/Metodologia/Metodologia.tex [83]
Overfull \hbox (0.58981pt too wide) in paragraph at lines 29--31
[]\OT1/lmr/m/n/12 Daily Scrum (15 min-u-tos m^^Saxi-mo)[Solo par-tic-i-pa el de
-vel-ope-ment team] 
 []


Overfull \hbox (36.80826pt too wide) in paragraph at lines 58--125
 [] 
 []

LaTeX Info: Redefining \. on input line 126.
LaTeX Info: Redefining \% on input line 126.
[84]) [85]
LaTeX Info: Redefining \. on input line 148.
LaTeX Info: Redefining \% on input line 148.
 [86

]
Cap\'{\i }tulo 9.
(./Capitulos/Arquitectura/Arquitectura.tex
<./imagenes/arquitectura_propuesta.jpg, id=1285, 748.7975pt x 482.80376pt>
File: ./imagenes/arquitectura_propuesta.jpg Graphic file (type jpg)

<use ./imagenes/arquitectura_propuesta.jpg>
Package pdftex.def Info: ./imagenes/arquitectura_propuesta.jpg used on input li
ne 5.
(pdftex.def)             Requested size: 284.52756pt x 183.45259pt.
) [87 <./imagenes/arquitectura_propuesta.jpg>]
LaTeX Info: Redefining \. on input line 155.
LaTeX Info: Redefining \% on input line 155.
 [88

]
Cap\'{\i }tulo 10.
(./Capitulos/Cronograma/Cronograma.tex
Overfull \hbox (8.35382pt too wide) in paragraph at lines 8--29
 [] 
 []

<./imagenes/cronograma_completo.PNG, id=1294, 917.67844pt x 281.55188pt>
File: ./imagenes/cronograma_completo.PNG Graphic file (type png)

<use ./imagenes/cronograma_completo.PNG>
Package pdftex.def Info: ./imagenes/cronograma_completo.PNG used on input line 
34.
(pdftex.def)             Requested size: 917.6762pt x 281.55118pt.


LaTeX Warning: Float too large for page by 11.17409pt on input line 38.

) [89]
LaTeX Info: Redefining \. on input line 159.
LaTeX Info: Redefining \% on input line 159.
 [90 <./imagenes/cronograma_completo.PNG>]
Cap\'{\i }tulo 11.
(./Capitulos/Recursos/Hardware.tex
Underfull \hbox (badness 10000) in paragraph at lines 27--27
[]|\OT1/lmr/m/n/12 Core i7 2670QM, 1TB
 []


Underfull \hbox (badness 1281) in paragraph at lines 27--27
\OT1/lmr/m/n/12 1.0GHz 1 n^^Sucleo, 512MB
 []


Underfull \hbox (badness 4403) in paragraph at lines 27--27
\OT1/lmr/m/n/12 512MB memo-ria in-ter-na,
 []


Underfull \hbox (badness 1231) in paragraph at lines 27--27
\OT1/lmr/m/n/12 2GB sd card, 512MB de
 []


Underfull \hbox (badness 5175) in paragraph at lines 27--27
[]|\OT1/lmr/m/n/12 Intel Pen-tium G2020 @
 []


Underfull \hbox (badness 4266) in paragraph at lines 27--27
\OT1/lmr/m/n/12 de dis-co duro, 4GB de
 []

) (./Capitulos/Recursos/Software.tex
Underfull \hbox (badness 10000) in paragraph at lines 21--21
[]|\OT1/lmr/m/n/12 Debian Ver-si^^Son 7.4
 []


Underfull \hbox (badness 1087) in paragraph at lines 21--21
[]|\OT1/lmr/m/n/12 Sistema op-er-a-ti-vo en el que se re-
 []


Underfull \hbox (badness 10000) in paragraph at lines 21--21
[]|\OT1/lmr/m/n/12 Android De-vel-ope-ment
 []

) (./Capitulos/Recursos/Humanos.tex
LaTeX Font Info:    External font `lmex10' loaded for size
(Font)              <5> on input line 23.
) (./Capitulos/Recursos/Miscelaneos.tex)
(./Capitulos/Recursos/Totales.tex [91

]
LaTeX Info: Redefining \. on input line 1.
LaTeX Info: Redefining \% on input line 1.
 [92]
LaTeX Info: Redefining \. on input line 1.
LaTeX Info: Redefining \% on input line 1.
 [93]) (./Anteproyecto.bbl
LaTeX Info: Redefining \. on input line 1.
LaTeX Info: Redefining \% on input line 1.
 [94

]
LaTeX Font Info:    Try loading font information for OT1+lmtt on input line 25.


(/usr/share/texmf/tex/latex/lm/ot1lmtt.fd
File: ot1lmtt.fd 2009/10/30 v1.6 Font defs for Latin Modern
)
Underfull \hbox (badness 6842) in paragraph at lines 120--132
[]\OT1/lmr/m/n/12 Balanta, H.  (2014).  \OT1/lmr/m/it/12 Leg-is-laci^^Son en in
-ter-net.  \OT1/lmr/m/n/12 Descar-ga-do
 []


Underfull \hbox (badness 10000) in paragraph at lines 120--132
\OT1/lmr/m/n/12 de []$\OT1/lmtt/m/n/12 http :// www [] .unipymes [] .com / dipl
omado [] -gerencia [] -marketing /
 []

[95

])
Package atveryend Info: Empty hook `BeforeClearDocument' on input line 180.
LaTeX Info: Redefining \. on input line 180.
LaTeX Info: Redefining \% on input line 180.
 [96]
Package atveryend Info: Empty hook `AfterLastShipout' on input line 180.
 (./Anteproyecto.aux
LaTeX Info: Redefining \. on input line 21.
LaTeX Info: Redefining \% on input line 21.
)
Package atveryend Info: Executing hook `AtVeryEndDocument' on input line 180.
Package atveryend Info: Executing hook `AtEndAfterFileList' on input line 180.
Package rerunfilecheck Info: File `Anteproyecto.out' has not changed.
(rerunfilecheck)             Checksum: 5298EE932CCE6BEE6F21A945D4BA1812;6070.


LaTeX Warning: There were undefined references.

Package atveryend Info: Empty hook `AtVeryVeryEnd' on input line 180.
 )
(\end occurred inside a group at level 1)

### simple group (level 1) entered at line 59 ({)
### bottom level 
Here is how much of TeX's memory you used:
 10221 strings out of 495059
 156642 string characters out of 3182030
 304534 words of memory out of 3000000
 12860 multiletter control sequences out of 15000+200000
 57452 words of font info for 43 fonts, out of 3000000 for 9000
 14 hyphenation exceptions out of 8191
 43i,14n,40p,1766b,629s stack positions out of 5000i,500n,10000p,200000b,50000s
pdfTeX warning (dest): name{cite.security_ws} has been referenc
ed but does not exist, replaced by a fixed one

pdfTeX warning (dest): name{cite.usability_ux} has been referenced but does not
 exist, replaced by a fixed one

pdfTeX warning (dest): name{cite.quality_in_use} has been referenced but does n
ot exist, replaced by a fixed one

pdfTeX warning (dest): name{cite.complexity_mesure} has been referenced but doe
s not exist, replaced by a fixed one

pdfTeX warning (dest): name{cite.measuring_maintainability} has been referenced
 but does not exist, replaced by a fixed one

{/usr/share/texmf/fonts/enc/dvips/lm/lm-rmtt.enc}{/usr/share/texmf/fonts/enc/dv
ips/lm/lm-rm.enc}{/usr/share/texmf/fonts/enc/dvips/lm/lm-mathit.enc}{/usr/share
/texmf/fonts/enc/dvips/lm/lm-mathex.enc}{/usr/share/texmf/fonts/enc/dvips/lm/lm
-mathsy.enc}</usr/share/texmf/fonts/type1/public/lm/lmbx10.pfb></usr/share/texm
f/fonts/type1/public/lm/lmbx12.pfb></usr/share/texmf/fonts/type1/public/lm/lmbx
i10.pfb></usr/share/texmf/fonts/type1/public/lm/lmex10.pfb></usr/share/texmf/fo
nts/type1/public/lm/lmmi12.pfb></usr/share/texmf/fonts/type1/public/lm/lmmi8.pf
b></usr/share/texmf/fonts/type1/public/lm/lmr10.pfb></usr/share/texmf/fonts/typ
e1/public/lm/lmr12.pfb></usr/share/texmf/fonts/type1/public/lm/lmr8.pfb></usr/s
hare/texmf/fonts/type1/public/lm/lmri12.pfb></usr/share/texmf/fonts/type1/publi
c/lm/lmro12.pfb></usr/share/texmf/fonts/type1/public/lm/lmsy10.pfb></usr/share/
texmf/fonts/type1/public/lm/lmtt12.pfb>
Output written on Anteproyecto.pdf (96 pages, 1544892 bytes).
PDF statistics:
 1459 PDF objects out of 1728 (max. 8388607)
 1249 compressed objects within 13 object streams
 258 named destinations out of 1000 (max. 500000)
 894 words of extra memory for PDF output out of 10000 (max. 10000000)

