\BOOKMARK [0][-]{chapter*.2}{Lista de figuras}{}% 1
\BOOKMARK [0][-]{chapter*.3}{Lista de tablas}{}% 2
\BOOKMARK [1][-]{chapter*.5}{Introducci\363n}{chapter*.3}% 3
\BOOKMARK [1][-]{chapter*.6}{Glosario}{chapter*.3}% 4
\BOOKMARK [0][-]{chapter.1}{Definici\363n del problema}{}% 5
\BOOKMARK [0][-]{chapter.2}{Justificaci\363n del problema}{}% 6
\BOOKMARK [0][-]{chapter.3}{Objetivos}{}% 7
\BOOKMARK [1][-]{section.3.1}{Objetivo General}{chapter.3}% 8
\BOOKMARK [1][-]{section.3.2}{Objetivos espec\355ficos}{chapter.3}% 9
\BOOKMARK [0][-]{chapter.4}{Marco conceptual}{}% 10
\BOOKMARK [1][-]{section.4.1}{Comunicaci\363n}{chapter.4}% 11
\BOOKMARK [2][-]{subsection.4.1.1}{Evoluci\363n de la web}{section.4.1}% 12
\BOOKMARK [1][-]{section.4.2}{R\351d social}{chapter.4}% 13
\BOOKMARK [1][-]{section.4.3}{Business Process Modeling Notation \(BPMN\)}{chapter.4}% 14
\BOOKMARK [2][-]{subsection.4.3.1}{Pertinencia con el proyecto}{section.4.3}% 15
\BOOKMARK [1][-]{section.4.4}{Service-Oriented Architecture \(SOA\)}{chapter.4}% 16
\BOOKMARK [2][-]{subsection.4.4.1}{Primeros conceptos}{section.4.4}% 17
\BOOKMARK [2][-]{subsection.4.4.2}{Computaci\363n orientada a servicios}{section.4.4}% 18
\BOOKMARK [2][-]{subsection.4.4.3}{Pertinencia con el proyecto}{section.4.4}% 19
\BOOKMARK [1][-]{section.4.5}{Scrum}{chapter.4}% 20
\BOOKMARK [0][-]{chapter.5}{Marco te\363rico}{}% 21
\BOOKMARK [1][-]{section.5.1}{Redes Sociales}{chapter.5}% 22
\BOOKMARK [2][-]{subsection.5.1.1}{SNA: Social Network Analisis}{section.5.1}% 23
\BOOKMARK [2][-]{subsection.5.1.2}{Analisis egoc\351ntrico}{section.5.1}% 24
\BOOKMARK [2][-]{subsection.5.1.3}{Grado de centralidad}{section.5.1}% 25
\BOOKMARK [2][-]{subsection.5.1.4}{Grado de cercan\355a}{section.5.1}% 26
\BOOKMARK [2][-]{subsection.5.1.5}{Factor distancia en la formaci\363n de las redes sociales}{section.5.1}% 27
\BOOKMARK [2][-]{subsection.5.1.6}{Grado de intermediaci\363n}{section.5.1}% 28
\BOOKMARK [2][-]{subsection.5.1.7}{D\355adas}{section.5.1}% 29
\BOOKMARK [2][-]{subsection.5.1.8}{Tr\355adas}{section.5.1}% 30
\BOOKMARK [2][-]{subsection.5.1.9}{An\341lisis Tri\341dico}{section.5.1}% 31
\BOOKMARK [1][-]{section.5.2}{Business Process Modeling Notation \(BPMN\)}{chapter.5}% 32
\BOOKMARK [2][-]{subsection.5.2.1}{Enlaces}{section.5.2}% 33
\BOOKMARK [2][-]{subsection.5.2.2}{Colaboraci\363n}{section.5.2}% 34
\BOOKMARK [1][-]{section.5.3}{Service-Oriented Architecture \(SOA\)}{chapter.5}% 35
\BOOKMARK [2][-]{subsection.5.3.1}{Proceso de An\341lisis y dise\361o orientados a servicios}{section.5.3}% 36
\BOOKMARK [2][-]{subsection.5.3.2}{Metas y beneficios de la computaci\363n orientada a servicios}{section.5.3}% 37
\BOOKMARK [2][-]{subsection.5.3.3}{Principios de dise\361o SOA}{section.5.3}% 38
\BOOKMARK [1][-]{section.5.4}{Scrum}{chapter.5}% 39
\BOOKMARK [2][-]{subsection.5.4.1}{Equipo Scrum \(Scrum Team\)}{section.5.4}% 40
\BOOKMARK [3][-]{subsubsection.5.4.1.1}{Product Owner \(due\361o del producto\)}{subsection.5.4.1}% 41
\BOOKMARK [3][-]{subsubsection.5.4.1.2}{Development Team \(Equipo de desarrollo\)}{subsection.5.4.1}% 42
\BOOKMARK [3][-]{subsubsection.5.4.1.3}{Scrum Master}{subsection.5.4.1}% 43
\BOOKMARK [2][-]{subsection.5.4.2}{Eventos}{section.5.4}% 44
\BOOKMARK [3][-]{subsubsection.5.4.2.1}{Sprint}{subsection.5.4.2}% 45
\BOOKMARK [3][-]{subsubsection.5.4.2.2}{Sprint Planning Meeting \(Reuni\363n de Planificaci\363n de Sprint\)}{subsection.5.4.2}% 46
\BOOKMARK [3][-]{subsubsection.5.4.2.3}{Daily Scrum \(Scrum Diario\)}{subsection.5.4.2}% 47
\BOOKMARK [3][-]{subsubsection.5.4.2.4}{Sprint Review \(Revisi\363n de Sprint\)}{subsection.5.4.2}% 48
\BOOKMARK [3][-]{subsubsection.5.4.2.5}{Sprint Retrospective \(Retrospectiva de Sprint\)}{subsection.5.4.2}% 49
\BOOKMARK [2][-]{subsection.5.4.3}{Artefactos}{section.5.4}% 50
\BOOKMARK [3][-]{subsubsection.5.4.3.1}{Sprint Goal \(Objetivo del Sprint\)}{subsection.5.4.3}% 51
\BOOKMARK [3][-]{subsubsection.5.4.3.2}{Product Backlog \(Lista de Producto\)}{subsection.5.4.3}% 52
\BOOKMARK [3][-]{subsubsection.5.4.3.3}{Sprint Backlog \(Lista de Pendientes del Sprint\)}{subsection.5.4.3}% 53
\BOOKMARK [1][-]{section.5.5}{Requerimientos no funcionales}{chapter.5}% 54
\BOOKMARK [2][-]{subsection.5.5.1}{Mantenibilidad}{section.5.5}% 55
\BOOKMARK [2][-]{subsection.5.5.2}{Reusabilidad}{section.5.5}% 56
\BOOKMARK [3][-]{subsubsection.5.5.2.1}{Medidas de reusabilidad}{subsection.5.5.2}% 57
\BOOKMARK [3][-]{subsubsection.5.5.2.2}{Blueprints y reusabilidad}{subsection.5.5.2}% 58
\BOOKMARK [3][-]{subsubsection.5.5.2.3}{Logic Centralization: Patr\363n de dise\361o pro-reusabilidad}{subsection.5.5.2}% 59
\BOOKMARK [3][-]{subsubsection.5.5.2.4}{Granularidad y reusabilidad}{subsection.5.5.2}% 60
\BOOKMARK [2][-]{subsection.5.5.3}{QiU: Quality in Use}{section.5.5}% 61
\BOOKMARK [3][-]{subsubsection.5.5.3.1}{Usabilidad}{subsection.5.5.3}% 62
\BOOKMARK [3][-]{subsubsection.5.5.3.2}{User aceptance \(Aceptaci\363n de usuario\)}{subsection.5.5.3}% 63
\BOOKMARK [3][-]{subsubsection.5.5.3.3}{Experiencia de usuario \(User eXperience - UX\)}{subsection.5.5.3}% 64
\BOOKMARK [3][-]{subsubsection.5.5.3.4}{Conceptos para medir QiU}{subsection.5.5.3}% 65
\BOOKMARK [2][-]{subsection.5.5.4}{Seguridad}{section.5.5}% 66
\BOOKMARK [1][-]{section.5.6}{Archimate 2.0}{chapter.5}% 67
\BOOKMARK [2][-]{subsection.5.6.1}{Capas de archimate}{section.5.6}% 68
\BOOKMARK [3][-]{subsubsection.5.6.1.1}{Capa de negocio}{subsection.5.6.1}% 69
\BOOKMARK [3][-]{subsubsection.5.6.1.2}{Capa de aplicaci\363n}{subsection.5.6.1}% 70
\BOOKMARK [3][-]{subsubsection.5.6.1.3}{Capa de infraestructura}{subsection.5.6.1}% 71
\BOOKMARK [2][-]{subsection.5.6.2}{Relaciones}{section.5.6}% 72
\BOOKMARK [2][-]{subsection.5.6.3}{Vistas archimate}{section.5.6}% 73
\BOOKMARK [1][-]{section.5.7}{Estado del arte}{chapter.5}% 74
\BOOKMARK [0][-]{chapter.6}{Marco legal}{}% 75
\BOOKMARK [0][-]{chapter.7}{Alcances y limitaciones}{}% 76
\BOOKMARK [1][-]{section.7.1}{Alcances y limitaciones}{chapter.7}% 77
\BOOKMARK [2][-]{subsection.7.1.1}{Alcances}{section.7.1}% 78
\BOOKMARK [2][-]{subsection.7.1.2}{Limitaciones}{section.7.1}% 79
\BOOKMARK [0][-]{chapter.8}{Metodolog\355a}{}% 80
\BOOKMARK [0][-]{chapter.9}{Propuesta de arquitectura}{}% 81
\BOOKMARK [0][-]{chapter.10}{Arquitectura}{}% 82
\BOOKMARK [1][-]{section.10.1}{Vistas archimate}{chapter.10}% 83
\BOOKMARK [2][-]{subsubsection.10.1.0.1}{Actores y roles}{section.10.1}% 84
\BOOKMARK [3][-]{subsubsection.10.1.0.2}{Introductory viewpoint}{subsubsection.10.1.0.1}% 85
\BOOKMARK [3][-]{subsubsection.10.1.0.3}{Layered viewpoint}{subsubsection.10.1.0.1}% 86
\BOOKMARK [2][-]{subsection.10.1.1}{Business Functions Viewpoints}{section.10.1}% 87
\BOOKMARK [3][-]{subsubsection.10.1.1.1}{Patrocinios Deportivos}{subsection.10.1.1}% 88
\BOOKMARK [3][-]{subsubsection.10.1.1.2}{Organizaci\363n de Eventos Deportivos}{subsection.10.1.1}% 89
\BOOKMARK [3][-]{subsubsection.10.1.1.3}{Formaci\363n de Grupos Deportivos}{subsection.10.1.1}% 90
\BOOKMARK [3][-]{subsubsection.10.1.1.4}{Estad\355sticas Deportivas}{subsection.10.1.1}% 91
\BOOKMARK [3][-]{subsubsection.10.1.1.5}{Entrenamiento Deportivo}{subsection.10.1.1}% 92
\BOOKMARK [3][-]{subsubsection.10.1.1.6}{Buscador Deportivo}{subsection.10.1.1}% 93
\BOOKMARK [3][-]{subsubsection.10.1.1.7}{Consejos}{subsection.10.1.1}% 94
\BOOKMARK [3][-]{subsubsection.10.1.1.8}{Periodismo}{subsection.10.1.1}% 95
\BOOKMARK [3][-]{subsubsection.10.1.1.9}{Servicios}{subsection.10.1.1}% 96
\BOOKMARK [2][-]{subsection.10.1.2}{Business Process Viewpoints}{section.10.1}% 97
\BOOKMARK [3][-]{subsubsection.10.1.2.1}{Patrocinios Deportivos}{subsection.10.1.2}% 98
\BOOKMARK [3][-]{subsubsection.10.1.2.2}{Organizaci\363n de Eventos Deportivos}{subsection.10.1.2}% 99
\BOOKMARK [3][-]{subsubsection.10.1.2.3}{Formaci\363n de Grupos Deportivos}{subsection.10.1.2}% 100
\BOOKMARK [3][-]{subsubsection.10.1.2.4}{Estad\355sticas Deportivas}{subsection.10.1.2}% 101
\BOOKMARK [3][-]{subsubsection.10.1.2.5}{Entrenamiento Deportivo}{subsection.10.1.2}% 102
\BOOKMARK [3][-]{subsubsection.10.1.2.6}{Buscador de consejos deportivos}{subsection.10.1.2}% 103
\BOOKMARK [3][-]{subsubsection.10.1.2.7}{Buscador deportivo}{subsection.10.1.2}% 104
\BOOKMARK [3][-]{subsubsection.10.1.2.8}{Evaluador consejos de salud}{subsection.10.1.2}% 105
\BOOKMARK [3][-]{subsubsection.10.1.2.9}{Generador de consejos deportivos}{subsection.10.1.2}% 106
\BOOKMARK [3][-]{subsubsection.10.1.2.10}{Generador de contenidos de salud}{subsection.10.1.2}% 107
\BOOKMARK [2][-]{subsection.10.1.3}{Application Usage Viewpoints}{section.10.1}% 108
\BOOKMARK [3][-]{subsubsection.10.1.3.1}{Patrocinios Deportivos}{subsection.10.1.3}% 109
\BOOKMARK [3][-]{subsubsection.10.1.3.2}{Organizaci\363n de Eventos Deportivos}{subsection.10.1.3}% 110
\BOOKMARK [3][-]{subsubsection.10.1.3.3}{Formaci\363n de Grupos Deportivos}{subsection.10.1.3}% 111
\BOOKMARK [3][-]{subsubsection.10.1.3.4}{Estad\355sticas Deportivas}{subsection.10.1.3}% 112
\BOOKMARK [3][-]{subsubsection.10.1.3.5}{Entrenamiento Deportivo}{subsection.10.1.3}% 113
\BOOKMARK [3][-]{subsubsection.10.1.3.6}{Buscador de consejos deportivos}{subsection.10.1.3}% 114
\BOOKMARK [3][-]{subsubsection.10.1.3.7}{Buscador deportivo}{subsection.10.1.3}% 115
\BOOKMARK [3][-]{subsubsection.10.1.3.8}{Evaluador consejos de salud}{subsection.10.1.3}% 116
\BOOKMARK [3][-]{subsubsection.10.1.3.9}{Generador de consejos deportivos}{subsection.10.1.3}% 117
\BOOKMARK [3][-]{subsubsection.10.1.3.10}{Generador de contenidos de salud}{subsection.10.1.3}% 118
\BOOKMARK [2][-]{subsection.10.1.4}{Product Viewpoint}{section.10.1}% 119
\BOOKMARK [3][-]{subsubsection.10.1.4.1}{Product}{subsection.10.1.4}% 120
\BOOKMARK [0][-]{chapter.11}{Cronograma}{}% 121
\BOOKMARK [0][-]{chapter.12}{Costos}{}% 122
\BOOKMARK [1][-]{section.12.1}{Recursos de Hardware}{chapter.12}% 123
\BOOKMARK [1][-]{section.12.2}{Recursos de Software}{chapter.12}% 124
\BOOKMARK [1][-]{section.12.3}{Recursos humanos}{chapter.12}% 125
\BOOKMARK [1][-]{section.12.4}{Recursos miscel\341neos}{chapter.12}% 126
\BOOKMARK [1][-]{section.12.5}{Costos totales}{chapter.12}% 127
