This is pdfTeX, Version 3.1415926-2.4-1.40.13 (TeX Live 2012/Debian) (format=latex 2014.8.30)  22 SEP 2014 00:13
entering extended mode
 restricted \write18 enabled.
 %&-line parsing enabled.
**Anteproyecto2
(./Anteproyecto2.tex
LaTeX2e <2011/06/27>
Babel <v3.8m> and hyphenation patterns for english, dumylang, nohyphenation, lo
aded.
(/usr/share/texlive/texmf-dist/tex/latex/base/book.cls
Document Class: book 2007/10/19 v1.4h Standard LaTeX document class
(/usr/share/texlive/texmf-dist/tex/latex/base/bk12.clo
File: bk12.clo 2007/10/19 v1.4h Standard LaTeX file (size option)
)
\c@part=\count79
\c@chapter=\count80
\c@section=\count81
\c@subsection=\count82
\c@subsubsection=\count83
\c@paragraph=\count84
\c@subparagraph=\count85
\c@figure=\count86
\c@table=\count87
\abovecaptionskip=\skip41
\belowcaptionskip=\skip42
\bibindent=\dimen102
)
(/usr/share/texlive/texmf-dist/tex/generic/babel/babel.sty
Package: babel 2008/07/08 v3.8m The Babel package

(/usr/share/texlive/texmf-dist/tex/generic/babel/spanish.ldf
Language: spanish.ldf 2011/10/06 v5.0k Spanish support from the babel system

(/usr/share/texlive/texmf-dist/tex/generic/babel/babel.def
File: babel.def 2008/07/08 v3.8m Babel common definitions
\babel@savecnt=\count88
\U@D=\dimen103
)

Package babel Warning: No hyphenation patterns were loaded for
(babel)                the language `Spanish'
(babel)                I will use the patterns loaded for \language=0 instead.

\l@spanish = a dialect from \language0
\es@datefmt=\count89
\es@quottoks=\toks14
\es@quotdepth=\count90
Package babel Info: Making " an active character on input line 496.
Package babel Info: Making . an active character on input line 599.
Package babel Info: Making < an active character on input line 644.
Package babel Info: Making > an active character on input line 644.
)) (/usr/share/texlive/texmf-dist/tex/latex/hyperref/hyperref.sty
Package: hyperref 2012/05/13 v6.82q Hypertext links for LaTeX

(/usr/share/texlive/texmf-dist/tex/generic/oberdiek/hobsub-hyperref.sty
Package: hobsub-hyperref 2012/05/28 v1.13 Bundle oberdiek, subset hyperref (HO)


(/usr/share/texlive/texmf-dist/tex/generic/oberdiek/hobsub-generic.sty
Package: hobsub-generic 2012/05/28 v1.13 Bundle oberdiek, subset generic (HO)
Package: hobsub 2012/05/28 v1.13 Construct package bundles (HO)
Package: infwarerr 2010/04/08 v1.3 Providing info/warning/error messages (HO)
Package: ltxcmds 2011/11/09 v1.22 LaTeX kernel commands for general use (HO)
Package: ifluatex 2010/03/01 v1.3 Provides the ifluatex switch (HO)
Package ifluatex Info: LuaTeX not detected.
Package: ifvtex 2010/03/01 v1.5 Detect VTeX and its facilities (HO)
Package ifvtex Info: VTeX not detected.
Package: intcalc 2007/09/27 v1.1 Expandable calculations with integers (HO)
Package: ifpdf 2011/01/30 v2.3 Provides the ifpdf switch (HO)
Package ifpdf Info: pdfTeX in PDF mode is not detected.
Package: etexcmds 2011/02/16 v1.5 Avoid name clashes with e-TeX commands (HO)
Package etexcmds Info: Could not find \expanded.
(etexcmds)             That can mean that you are not using pdfTeX 1.50 or
(etexcmds)             that some package has redefined \expanded.
(etexcmds)             In the latter case, load this package earlier.
Package: kvsetkeys 2012/04/25 v1.16 Key value parser (HO)
Package: kvdefinekeys 2011/04/07 v1.3 Define keys (HO)
Package: pdftexcmds 2011/11/29 v0.20 Utility functions of pdfTeX for LuaTeX (HO
)
Package pdftexcmds Info: LuaTeX not detected.
Package pdftexcmds Info: \pdf@primitive is available.
Package pdftexcmds Info: \pdf@ifprimitive is available.
Package pdftexcmds Info: \pdfdraftmode is ignored in DVI mode.
Package: pdfescape 2011/11/25 v1.13 Implements pdfTeX's escape features (HO)
Package: bigintcalc 2012/04/08 v1.3 Expandable calculations on big integers (HO
)
Package: bitset 2011/01/30 v1.1 Handle bit-vector datatype (HO)
Package: uniquecounter 2011/01/30 v1.2 Provide unlimited unique counter (HO)
)
Package hobsub Info: Skipping package `hobsub' (already loaded).
Package: letltxmacro 2010/09/02 v1.4 Let assignment for LaTeX macros (HO)
Package: hopatch 2012/05/28 v1.2 Wrapper for package hooks (HO)
Package: xcolor-patch 2011/01/30 xcolor patch
Package: atveryend 2011/06/30 v1.8 Hooks at the very end of document (HO)
Package atveryend Info: \enddocument detected (standard20110627).
Package: atbegshi 2011/10/05 v1.16 At begin shipout hook (HO)
Package: refcount 2011/10/16 v3.4 Data extraction from label references (HO)
Package: hycolor 2011/01/30 v1.7 Color options for hyperref/bookmark (HO)
)
(/usr/share/texlive/texmf-dist/tex/latex/graphics/keyval.sty
Package: keyval 1999/03/16 v1.13 key=value parser (DPC)
\KV@toks@=\toks15
)
(/usr/share/texlive/texmf-dist/tex/generic/ifxetex/ifxetex.sty
Package: ifxetex 2010/09/12 v0.6 Provides ifxetex conditional
)
(/usr/share/texlive/texmf-dist/tex/latex/oberdiek/kvoptions.sty
Package: kvoptions 2011/06/30 v3.11 Key value format for package options (HO)
)
\@linkdim=\dimen104
\Hy@linkcounter=\count91
\Hy@pagecounter=\count92

(/usr/share/texlive/texmf-dist/tex/latex/hyperref/pd1enc.def
File: pd1enc.def 2012/05/13 v6.82q Hyperref: PDFDocEncoding definition (HO)
)
\Hy@SavedSpaceFactor=\count93

(/usr/share/texlive/texmf-dist/tex/latex/latexconfig/hyperref.cfg
File: hyperref.cfg 2002/06/06 v1.2 hyperref configuration of TeXLive
)
Package hyperref Info: Option `bookmarks' set `true' on input line 3941.
Package hyperref Info: Hyper figures OFF on input line 4062.
Package hyperref Info: Link nesting OFF on input line 4067.
Package hyperref Info: Hyper index ON on input line 4070.
Package hyperref Info: Plain pages OFF on input line 4077.
Package hyperref Info: Backreferencing OFF on input line 4082.
Package hyperref Info: Implicit mode ON; LaTeX internals redefined.
Package hyperref Info: Bookmarks ON on input line 4300.
\c@Hy@tempcnt=\count94

(/usr/share/texlive/texmf-dist/tex/latex/url/url.sty
\Urlmuskip=\muskip10
Package: url 2006/04/12  ver 3.3  Verb mode for urls, etc.
)
LaTeX Info: Redefining \url on input line 4653.
\Fld@menulength=\count95
\Field@Width=\dimen105
\Fld@charsize=\dimen106
Package hyperref Info: Hyper figures OFF on input line 5773.
Package hyperref Info: Link nesting OFF on input line 5778.
Package hyperref Info: Hyper index ON on input line 5781.
Package hyperref Info: backreferencing OFF on input line 5788.
Package hyperref Info: Link coloring OFF on input line 5793.
Package hyperref Info: Link coloring with OCG OFF on input line 5798.
Package hyperref Info: PDF/A mode OFF on input line 5803.
LaTeX Info: Redefining \ref on input line 5843.
LaTeX Info: Redefining \pageref on input line 5847.
\Hy@abspage=\count96
\c@Item=\count97
\c@Hfootnote=\count98
)

Package hyperref Message: Driver (default): hdvips.

(/usr/share/texlive/texmf-dist/tex/latex/hyperref/hdvips.def
File: hdvips.def 2012/05/13 v6.82q Hyperref driver for dvips

(/usr/share/texlive/texmf-dist/tex/latex/hyperref/pdfmark.def
File: pdfmark.def 2012/05/13 v6.82q Hyperref definitions for pdfmark specials
\pdf@docset=\toks16
\pdf@box=\box26
\pdf@toks=\toks17
\pdf@defaulttoks=\toks18
\Fld@listcount=\count99
\c@bookmark@seq@number=\count100

(/usr/share/texlive/texmf-dist/tex/latex/oberdiek/rerunfilecheck.sty
Package: rerunfilecheck 2011/04/15 v1.7 Rerun checks for auxiliary files (HO)
Package uniquecounter Info: New unique counter `rerunfilecheck' on input line 2
82.
)
\Hy@SectionHShift=\skip43
))
(/usr/share/texlive/texmf-dist/tex/latex/base/inputenc.sty
Package: inputenc 2008/03/30 v1.1d Input encoding file
\inpenc@prehook=\toks19
\inpenc@posthook=\toks20

(/usr/share/texlive/texmf-dist/tex/latex/ucs/utf8x.def
File: utf8x.def 2004/10/17 UCS: Input encoding UTF-8
))
(/usr/share/texlive/texmf-dist/tex/latex/ucs/ucs.sty
Package: ucs 2004/10/17 UCS: Unicode input support

(/usr/share/texlive/texmf-dist/tex/latex/ucs/data/uni-global.def
File: uni-global.def 2012/04/20 UCS: Unicode global data
)
\uc@secondtry=\count101
\uc@combtoks=\toks21
\uc@combtoksb=\toks22
\uc@temptokena=\toks23
)
(/usr/share/texmf/tex/latex/lm/lmodern.sty
Package: lmodern 2009/10/30 v1.6 Latin Modern Fonts
LaTeX Font Info:    Overwriting symbol font `operators' in version `normal'
(Font)                  OT1/cmr/m/n --> OT1/lmr/m/n on input line 22.
LaTeX Font Info:    Overwriting symbol font `letters' in version `normal'
(Font)                  OML/cmm/m/it --> OML/lmm/m/it on input line 23.
LaTeX Font Info:    Overwriting symbol font `symbols' in version `normal'
(Font)                  OMS/cmsy/m/n --> OMS/lmsy/m/n on input line 24.
LaTeX Font Info:    Overwriting symbol font `largesymbols' in version `normal'
(Font)                  OMX/cmex/m/n --> OMX/lmex/m/n on input line 25.
LaTeX Font Info:    Overwriting symbol font `operators' in version `bold'
(Font)                  OT1/cmr/bx/n --> OT1/lmr/bx/n on input line 26.
LaTeX Font Info:    Overwriting symbol font `letters' in version `bold'
(Font)                  OML/cmm/b/it --> OML/lmm/b/it on input line 27.
LaTeX Font Info:    Overwriting symbol font `symbols' in version `bold'
(Font)                  OMS/cmsy/b/n --> OMS/lmsy/b/n on input line 28.
LaTeX Font Info:    Overwriting symbol font `largesymbols' in version `bold'
(Font)                  OMX/cmex/m/n --> OMX/lmex/m/n on input line 29.
LaTeX Font Info:    Overwriting math alphabet `\mathbf' in version `normal'
(Font)                  OT1/cmr/bx/n --> OT1/lmr/bx/n on input line 31.
LaTeX Font Info:    Overwriting math alphabet `\mathsf' in version `normal'
(Font)                  OT1/cmss/m/n --> OT1/lmss/m/n on input line 32.
LaTeX Font Info:    Overwriting math alphabet `\mathit' in version `normal'
(Font)                  OT1/cmr/m/it --> OT1/lmr/m/it on input line 33.
LaTeX Font Info:    Overwriting math alphabet `\mathtt' in version `normal'
(Font)                  OT1/cmtt/m/n --> OT1/lmtt/m/n on input line 34.
LaTeX Font Info:    Overwriting math alphabet `\mathbf' in version `bold'
(Font)                  OT1/cmr/bx/n --> OT1/lmr/bx/n on input line 35.
LaTeX Font Info:    Overwriting math alphabet `\mathsf' in version `bold'
(Font)                  OT1/cmss/bx/n --> OT1/lmss/bx/n on input line 36.
LaTeX Font Info:    Overwriting math alphabet `\mathit' in version `bold'
(Font)                  OT1/cmr/bx/it --> OT1/lmr/bx/it on input line 37.
LaTeX Font Info:    Overwriting math alphabet `\mathtt' in version `bold'
(Font)                  OT1/cmtt/m/n --> OT1/lmtt/m/n on input line 38.
)
(/usr/share/texlive/texmf-dist/tex/latex/graphics/graphicx.sty
Package: graphicx 1999/02/16 v1.0f Enhanced LaTeX Graphics (DPC,SPQR)

(/usr/share/texlive/texmf-dist/tex/latex/graphics/graphics.sty
Package: graphics 2009/02/05 v1.0o Standard LaTeX Graphics (DPC,SPQR)

(/usr/share/texlive/texmf-dist/tex/latex/graphics/trig.sty
Package: trig 1999/03/16 v1.09 sin cos tan (DPC)
)
(/usr/share/texlive/texmf-dist/tex/latex/latexconfig/graphics.cfg
File: graphics.cfg 2010/04/23 v1.9 graphics configuration of TeX Live
)
Package graphics Info: Driver file: dvips.def on input line 91.

(/usr/share/texlive/texmf-dist/tex/latex/graphics/dvips.def
File: dvips.def 1999/02/16 v3.0i Driver-dependant file (DPC,SPQR)
))
\Gin@req@height=\dimen107
\Gin@req@width=\dimen108
)
(/usr/share/texlive/texmf-dist/tex/latex/oberdiek/epstopdf.sty
Package: epstopdf 2010/02/09 v2.5 Conversion with epstopdf on the fly (HO)

(/usr/share/texlive/texmf-dist/tex/latex/oberdiek/epstopdf-base.sty
Package: epstopdf-base 2010/02/09 v2.5 Base part for package epstopdf

(/usr/share/texlive/texmf-dist/tex/latex/oberdiek/grfext.sty
Package: grfext 2010/08/19 v1.1 Manage graphics extensions (HO)
)

Package epstopdf Warning: Drivers other than `pdftex.def' are not supported.

)) (/usr/share/texlive/texmf-dist/tex/latex/oberdiek/pdflscape.sty
Package: pdflscape 2008/08/11 v0.10 Display of landscape pages in PDF (HO)

(/usr/share/texlive/texmf-dist/tex/latex/graphics/lscape.sty
Package: lscape 2000/10/22 v3.01 Landscape Pages (DPC)
)
Package pdflscape Info: Auto-detected driver: dvips (dvips) on input line 124.
)
(/usr/share/texlive/texmf-dist/tex/latex/tools/array.sty
Package: array 2008/09/09 v2.4c Tabular extension package (FMi)
\col@sep=\dimen109
\extrarowheight=\dimen110
\NC@list=\toks24
\extratabsurround=\skip44
\backup@length=\skip45
)
(/usr/share/texlive/texmf-dist/tex/latex/hvfloat/hvfloat.sty
Package: hvfloat 2012/03/04 rotating of floating objects

`hvfloat' v1.1, 2012/03/04 (Herbert Voss)
(/usr/share/texlive/texmf-dist/tex/latex/caption/caption.sty
Package: caption 2012/02/19 v3.2f Customizing captions (AR)

(/usr/share/texlive/texmf-dist/tex/latex/caption/caption3.sty
Package: caption3 2012/01/12 v1.4b caption3 kernel (AR)
\captionmargin=\dimen111
\captionmargin@=\dimen112
\captionwidth=\dimen113
\caption@indent=\dimen114
\caption@parindent=\dimen115
\caption@hangindent=\dimen116
)
\c@ContinuedFloat=\count102
Package caption Info: hyperref package is loaded.
)
\hvObjectWidth=\skip46
\hvCapWidth=\skip47
\hvMaxCapWidth=\skip48
\hvObjectBox=\box27
\hvCaptionBox=\box28
\hvOBox=\box29
\hvAboveCaptionSkip=\skip49
\hvBelowCaptionSkip=\skip50
)
(/usr/share/texlive/texmf-dist/tex/latex/apacite/apacite.sty
Package: apacite 2012/02/25 v6.01 APA citation
\c@BibCnt=\count103
\bibleftmargin=\skip51
\bibindent=\skip52
\bibparsep=\skip53
\bibitemsep=\skip54
\biblabelsep=\skip55
)
(/usr/share/texlive/texmf-dist/tex/latex/chngcntr/chngcntr.sty
Package: chngcntr 2009/09/02 v1.0a change counter resetting
)

LaTeX Warning: Unused global option(s):
    [letter].

(./Anteproyecto2.aux
LaTeX Info: Redefining \. on input line 22.
LaTeX Info: Redefining \% on input line 22.


LaTeX Warning: Label `fig:uno' multiply defined.


LaTeX Warning: Label `fig:dos' multiply defined.


LaTeX Warning: Label `fig:tres' multiply defined.

)
\openout1 = `Anteproyecto2.aux'.

LaTeX Font Info:    Checking defaults for OML/cmm/m/it on input line 50.
LaTeX Font Info:    ... okay on input line 50.
LaTeX Font Info:    Checking defaults for T1/cmr/m/n on input line 50.
LaTeX Font Info:    ... okay on input line 50.
LaTeX Font Info:    Checking defaults for OT1/cmr/m/n on input line 50.
LaTeX Font Info:    ... okay on input line 50.
LaTeX Font Info:    Checking defaults for OMS/cmsy/m/n on input line 50.
LaTeX Font Info:    ... okay on input line 50.
LaTeX Font Info:    Checking defaults for OMX/cmex/m/n on input line 50.
LaTeX Font Info:    ... okay on input line 50.
LaTeX Font Info:    Checking defaults for U/cmr/m/n on input line 50.
LaTeX Font Info:    ... okay on input line 50.
LaTeX Font Info:    Checking defaults for PD1/pdf/m/n on input line 50.
LaTeX Font Info:    ... okay on input line 50.
LaTeX Font Info:    Try loading font information for OT1+lmr on input line 50.
 (/usr/share/texmf/tex/latex/lm/ot1lmr.fd
File: ot1lmr.fd 2009/10/30 v1.6 Font defs for Latin Modern
)
LaTeX Info: Redefining \. on input line 50.
LaTeX Info: Redefining \% on input line 50.
\AtBeginShipoutBox=\box30
Package hyperref Info: Link coloring OFF on input line 50.

(/usr/share/texlive/texmf-dist/tex/latex/hyperref/nameref.sty
Package: nameref 2010/04/30 v2.40 Cross-referencing by name of section

(/usr/share/texlive/texmf-dist/tex/generic/oberdiek/gettitlestring.sty
Package: gettitlestring 2010/12/03 v1.4 Cleanup title references (HO)
)
\c@section@level=\count104
)
LaTeX Info: Redefining \ref on input line 50.
LaTeX Info: Redefining \pageref on input line 50.
LaTeX Info: Redefining \nameref on input line 50.

(./Anteproyecto2.out) (./Anteproyecto2.out)
\@outlinefile=\write3
\openout3 = `Anteproyecto2.out'.


(/usr/share/texlive/texmf-dist/tex/latex/ucs/ucsencs.def
File: ucsencs.def 2011/01/21 Fixes to fontencodings LGR, T3
)
Package caption Info: Begin \AtBeginDocument code.
Package caption Info: End \AtBeginDocument code.
\c@maskedRefs=\count105

(/usr/share/texlive/texmf-dist/tex/latex/apacite/spanish.apc
File: spanish.apc 2012/02/25 v6.01 apacite language file
LaTeX Info: Redefining \BPBI on input line 138.
LaTeX Info: Redefining \BHBI on input line 139.
)
File: imagenes/Logo_Distrital.eps Graphic file (type eps)

<imagenes/Logo_Distrital.eps>
(/usr/share/texlive/texmf-dist/tex/latex/ucs/data/uni-0.def
File: uni-0.def 2012/04/20 UCS: Unicode data U+0000..U+00FF
) [1


] [2]
(./Anteproyecto2.toc
LaTeX Info: Redefining \. on input line 1.
LaTeX Info: Redefining \% on input line 1.
LaTeX Font Info:    Try loading font information for OML+lmm on input line 4.
 (/usr/share/texmf/tex/latex/lm/omllmm.fd
File: omllmm.fd 2009/10/30 v1.6 Font defs for Latin Modern
)
LaTeX Font Info:    Try loading font information for OMS+lmsy on input line 4.

(/usr/share/texmf/tex/latex/lm/omslmsy.fd
File: omslmsy.fd 2009/10/30 v1.6 Font defs for Latin Modern
)
LaTeX Font Info:    Try loading font information for OMX+lmex on input line 4.

(/usr/share/texmf/tex/latex/lm/omxlmex.fd
File: omxlmex.fd 2009/10/30 v1.6 Font defs for Latin Modern
)
LaTeX Font Info:    External font `lmex10' loaded for size
(Font)              <12> on input line 4.
LaTeX Font Info:    External font `lmex10' loaded for size
(Font)              <8> on input line 4.
LaTeX Font Info:    External font `lmex10' loaded for size
(Font)              <6> on input line 4.
 [3

]
Overfull \hbox (15.23845pt too wide) in paragraph at lines 40--40
 [][] [] []  
 []


Underfull \vbox (badness 1117) has occurred while \output is active []

LaTeX Info: Redefining \. on input line 47.
LaTeX Info: Redefining \% on input line 47.
 [4]
Overfull \hbox (77.34575pt too wide) in paragraph at lines 48--48
 [][] [] []  
 []


Overfull \hbox (2.40932pt too wide) in paragraph at lines 55--55
 [][] [] []  
 []

LaTeX Info: Redefining \. on input line 71.
LaTeX Info: Redefining \% on input line 71.
[5])
\tf@toc=\write4
\openout4 = `Anteproyecto2.toc'.

LaTeX Info: Redefining \. on input line 98.
LaTeX Info: Redefining \% on input line 98.
 [6] (./Anteproyecto2.lof
LaTeX Info: Redefining \. on input line 1.
LaTeX Info: Redefining \% on input line 1.

Overfull \hbox (302.33441pt too wide) in paragraph at lines 6--6
 [][] [] []  
 []


Overfull \hbox (171.51399pt too wide) in paragraph at lines 9--9
 [][] [] []  
 []


Overfull \hbox (128.50005pt too wide) in paragraph at lines 10--10
 [][] [] []  
 []


Overfull \hbox (152.32668pt too wide) in paragraph at lines 11--11
 [][] [] []  
 []


Overfull \hbox (171.51399pt too wide) in paragraph at lines 25--25
 [][] [] []  
 []


Overfull \hbox (128.50005pt too wide) in paragraph at lines 26--26
 [][] [] []  
 []


Underfull \vbox (badness 10000) has occurred while \output is active []

 [7


]
Overfull \hbox (152.32668pt too wide) in paragraph at lines 27--27
 [][] [] []  
 []


Overfull \hbox (32.80153pt too wide) in paragraph at lines 28--28
 [][] [] []  
 []


Overfull \hbox (52.05452pt too wide) in paragraph at lines 29--29
 [][] [] []  
 []

)
\tf@lof=\write5
\openout5 = `Anteproyecto2.lof'.

LaTeX Info: Redefining \. on input line 102.
LaTeX Info: Redefining \% on input line 102.
 [8] (./Anteproyecto2.lot
LaTeX Info: Redefining \. on input line 1.
LaTeX Info: Redefining \% on input line 1.
)
\tf@lot=\write6
\openout6 = `Anteproyecto2.lot'.

 [9


]
LaTeX Info: Redefining \. on input line 109.
LaTeX Info: Redefining \% on input line 109.
 [10

] (./Capitulos/Introduccion/Introduccion.tex) [11]
LaTeX Info: Redefining \. on input line 114.
LaTeX Info: Redefining \% on input line 114.
 [12

] (./Capitulos/Glosario/Glosario.tex
(/usr/share/texlive/texmf-dist/tex/latex/ucs/data/uni-32.def
File: uni-32.def 2012/04/20 UCS: Unicode data U+2000..U+20FF
) [13]
Overfull \hbox (0.79608pt too wide) in paragraph at lines 16--17
[]\OT1/lmr/m/n/12 UX (Us-er eX-pe-ri-en-cie): Se re-fiere a la per-cep-ci^^Son 
que adquiere el usuario
 []

)
LaTeX Info: Redefining \. on input line 119.
LaTeX Info: Redefining \% on input line 119.
 [14]
Cap\'{\i }tulo 1.
(./Capitulos/Descripcion_problema/Descripcion_problema.tex

LaTeX Warning: Reference `judging' on page 15 undefined on input line 4.


Underfull \vbox (badness 10000) has occurred while \output is active []

 [15

]
Underfull \vbox (badness 10000) has occurred while \output is active []

LaTeX Info: Redefining \. on input line 11.
LaTeX Info: Redefining \% on input line 11.
 [16])
[17]
LaTeX Info: Redefining \. on input line 122.
LaTeX Info: Redefining \% on input line 122.
 [18

]
Cap\'{\i }tulo 2.
(./Capitulos/Justificacion/Justificacion.tex

LaTeX Warning: Citation `sna_startups' undefined on input line 7.


Underfull \vbox (badness 10000) has occurred while \output is active []

 [19]

LaTeX Warning: Citation `user_behavior_online' undefined on input line 11.


LaTeX Warning: Citation `spiderweb' undefined on input line 20.

)
Underfull \vbox (badness 10000) has occurred while \output is active []

LaTeX Info: Redefining \. on input line 124.
LaTeX Info: Redefining \% on input line 124.
 [20]
[21]
LaTeX Info: Redefining \. on input line 125.
LaTeX Info: Redefining \% on input line 125.
 [22

]
Cap\'{\i }tulo 3.
(./Capitulos/Objetivos/General.tex) (./Capitulos/Objetivos/Especificos.tex
[23])
LaTeX Info: Redefining \. on input line 131.
LaTeX Info: Redefining \% on input line 131.
 [24]
Cap\'{\i }tulo 4.
(./Capitulos/Marco_teorico/Marco_conceptual.tex
(./Capitulos/Marco_teorico/Comunicacion.tex

LaTeX Warning: Citation `dynamics' undefined on input line 3.


Overfull \hbox (4.86365pt too wide) in paragraph at lines 5--6
\OT1/lmr/m/n/12 her-ramien-ta creado-ra de conocimien-to trans-feri-ble a sus c
ong^^Seneres o cualquier
 []

) [25

] (./Capitulos/Marco_teorico/Evolucion_web.tex

! LaTeX Error: Cannot determine size of graphic in ./imagenes/utilizacion_inter
net.png (no BoundingBox).

See the LaTeX manual or LaTeX Companion for explanation.
Type  H <return>  for immediate help.
 ...                                              
                                                  
l.7 ...=10cm]{./imagenes/utilizacion_internet.png}
                                                  
? 
File: ./imagenes/utilizacion_internet.png Graphic file (type eps)
<./imagenes/utilizacion_internet.png>

LaTeX Warning: Citation `evolucion_web' undefined on input line 9.

)

LaTeX Warning: File `./imagenes/Red_simple.eps' not found on input line 15.


! LaTeX Error: File `./imagenes/Red_simple.eps' not found.

See the LaTeX manual or LaTeX Companion for explanation.
Type  H <return>  for immediate help.
 ...                                              
                                                  
l.15 ...includegraphics{./imagenes/Red_simple.eps}
                                                  
? 

! LaTeX Error: Cannot determine size of graphic in ./imagenes/Red_simple.eps (n
o BoundingBox).

See the LaTeX manual or LaTeX Companion for explanation.
Type  H <return>  for immediate help.
 ...                                              
                                                  
l.15 ...includegraphics{./imagenes/Red_simple.eps}
                                                  
? 
File: ./imagenes/Red_simple.eps Graphic file (type eps)
<./imagenes/Red_simple.eps>

LaTeX Warning: Citation `analysis' undefined on input line 22.

LaTeX Info: Redefining \. on input line 24.
LaTeX Info: Redefining \% on input line 24.
[26]
Underfull \vbox (badness 5077) has occurred while \output is active []

LaTeX Info: Redefining \. on input line 25.
LaTeX Info: Redefining \% on input line 25.
 [27]
File: ./imagenes/Red_asimetrica.eps Graphic file (type eps)

<./imagenes/Red_asimetrica.eps>

LaTeX Warning: Citation `cap_sna' undefined on input line 35.


Overfull \hbox (44.93935pt too wide) in paragraph at lines 38--38
[]\OT1/lmr/bx/n/17.28 Business Pro-cess Mod-el-ing No-ta-tion (BPMN) 
 []


LaTeX Warning: Citation `bpmn2' undefined on input line 40.

LaTeX Info: Redefining \. on input line 47.
LaTeX Info: Redefining \% on input line 47.
[28]

LaTeX Warning: Citation `soa_principles' undefined on input line 55.

LaTeX Info: Redefining \. on input line 66.
LaTeX Info: Redefining \% on input line 66.
[29]
LaTeX Font Info:    Try loading font information for OMS+lmr on input line 67.
 (/usr/share/texmf/tex/latex/lm/omslmr.fd
File: omslmr.fd 2009/10/30 v1.6 Font defs for Latin Modern
)
LaTeX Font Info:    Font shape `OMS/lmr/m/n' in size <12> not available
(Font)              Font shape `OMS/lmsy/m/n' tried instead on input line 67.


! LaTeX Error: Cannot determine size of graphic in ./imagenes/1.png (no Boundin
gBox).

See the LaTeX manual or LaTeX Companion for explanation.
Type  H <return>  for immediate help.
 ...                                              
                                                  
l.79 ...ludegraphics[width=11cm]{./imagenes/1.png}
                                                  
? 
File: ./imagenes/1.png Graphic file (type eps)
<./imagenes/1.png>

! LaTeX Error: Cannot determine size of graphic in ./imagenes/2.png (no Boundin
gBox).

See the LaTeX manual or LaTeX Companion for explanation.
Type  H <return>  for immediate help.
 ...                                              
                                                  
l.90 ...ludegraphics[width=11cm]{./imagenes/2.png}
                                                  
? 
File: ./imagenes/2.png Graphic file (type eps)
<./imagenes/2.png>

! LaTeX Error: Cannot determine size of graphic in ./imagenes/3.png (no Boundin
gBox).

See the LaTeX manual or LaTeX Companion for explanation.
Type  H <return>  for immediate help.
 ...                                              
                                                  
l.101 ...udegraphics[width=11cm]{./imagenes/3.png}
                                                  
? 
File: ./imagenes/3.png Graphic file (type eps)
<./imagenes/3.png>
LaTeX Info: Redefining \. on input line 116.
LaTeX Info: Redefining \% on input line 116.
 [30]

LaTeX Warning: Citation `scrum_guide' undefined on input line 122.


Underfull \vbox (badness 10000) has occurred while \output is active []

LaTeX Info: Redefining \. on input line 123.
LaTeX Info: Redefining \% on input line 123.
 [31]
LaTeX Info: Redefining \. on input line 126.
LaTeX Info: Redefining \% on input line 126.

[32]
LaTeX Info: Redefining \. on input line 134.
LaTeX Info: Redefining \% on input line 134.
 [33])
LaTeX Info: Redefining \. on input line 134.
LaTeX Info: Redefining \% on input line 134.
 [34]
Cap\'{\i }tulo 5.
(./Capitulos/Marco_teorico/Marco_teorico.tex
(./Capitulos/Marco_teorico/Redes_sociales.tex

LaTeX Warning: Citation `user_behavior' undefined on input line 11.

[35

]
LaTeX Info: Redefining \. on input line 31.
LaTeX Info: Redefining \% on input line 31.
 [36]
File: ./imagenes/red_estrella.eps Graphic file (type eps)
 <./imagenes/red_estrella.eps>
Underfull \vbox (badness 10000) has occurred while \output is active []

LaTeX Info: Redefining \. on input line 47.
LaTeX Info: Redefining \% on input line 47.
 [37]

LaTeX Warning: Citation `evolution' undefined on input line 65.

LaTeX Info: Redefining \. on input line 66.
LaTeX Info: Redefining \% on input line 66.
[38]
LaTeX Info: Redefining \. on input line 79.
LaTeX Info: Redefining \% on input line 79.
 [39]
File: ./imagenes/bow_tie.eps Graphic file (type eps)
 <./imagenes/bow_tie.eps>
File: ./imagenes/diada_1.eps Graphic file (type eps)
 <./imagenes/diada_1.eps>
File: ./imagenes/diada_2.eps Graphic file (type eps)

<./imagenes/diada_2.eps>
File: ./imagenes/diada_3.eps Graphic file (type eps)
 <./imagenes/diada_3.eps>
File: ./imagenes/diada_4.eps Graphic file (type eps)
 <./imagenes/diada_4.eps>
Overfull \hbox (0.63303pt too wide) in paragraph at lines 96--102
 [] 
 []

LaTeX Info: Redefining \. on input line 110.
LaTeX Info: Redefining \% on input line 110.
[40]
File: ./imagenes/triada_simetrica_1.eps Graphic file (type eps)
 <./imagenes/triada_simetrica_1.eps>
File: ./imagenes/triada_simetrica_2.eps Graphic file (type eps)
 <./imagenes/triada_simetrica_2.eps>
File: ./imagenes/triada_simetrica_3.eps Graphic file (type eps)

<./imagenes/triada_simetrica_3.eps>
File: ./imagenes/triada_simetrica_4.eps Graphic file (type eps)
 <./imagenes/triada_simetrica_4.eps>
Overfull \hbox (0.63303pt too wide) in paragraph at lines 117--123
 [] 
 []

LaTeX Info: Redefining \. on input line 131.
LaTeX Info: Redefining \% on input line 131.
[41]

LaTeX Warning: File `./imagenes/triada_003.eps' not found on input line 150.


! LaTeX Error: File `./imagenes/triada_003.eps' not found.

See the LaTeX manual or LaTeX Companion for explanation.
Type  H <return>  for immediate help.
 ...                                              
                                                  
l.150 ...s[width=1.3cm]{./imagenes/triada_003.eps}
                                                   &
? 

! LaTeX Error: Cannot determine size of graphic in ./imagenes/triada_003.eps (n
o BoundingBox).

See the LaTeX manual or LaTeX Companion for explanation.
Type  H <return>  for immediate help.
 ...                                              
                                                  
l.150 ...s[width=1.3cm]{./imagenes/triada_003.eps}
                                                   &
? 
File: ./imagenes/triada_003.eps Graphic file (type eps)
<./imagenes/triada_003.eps>
File: ./imagenes/triada_012.eps Graphic file (type eps)
 <./imagenes/triada_012.eps>
File: ./imagenes/triada_021C.eps Graphic file (type eps)

<./imagenes/triada_021C.eps>
File: ./imagenes/triada_021D.eps Graphic file (type eps)
 <./imagenes/triada_021D.eps>
File: ./imagenes/triada_021U.eps Graphic file (type eps)

<./imagenes/triada_021U.eps>
File: ./imagenes/triada_030C.eps Graphic file (type eps)
 <./imagenes/triada_030C.eps>
File: ./imagenes/triada_030T.eps Graphic file (type eps)

<./imagenes/triada_030T.eps>
File: ./imagenes/triada_102.eps Graphic file (type eps)
 <./imagenes/triada_102.eps>
File: ./imagenes/triada_111D.eps Graphic file (type eps)

<./imagenes/triada_111D.eps>
File: ./imagenes/triada_111U.eps Graphic file (type eps)
 <./imagenes/triada_111U.eps>
File: ./imagenes/triada_120C.eps Graphic file (type eps)

<./imagenes/triada_120C.eps>
File: ./imagenes/triada_120D.eps Graphic file (type eps)
 <./imagenes/triada_120D.eps>
File: ./imagenes/triada_120U.eps Graphic file (type eps)

<./imagenes/triada_120U.eps>
File: ./imagenes/triada_201.eps Graphic file (type eps)
 <./imagenes/triada_201.eps>
File: ./imagenes/triada_210.eps Graphic file (type eps)

<./imagenes/triada_210.eps>
File: ./imagenes/triada_300.eps Graphic file (type eps)
 <./imagenes/triada_300.eps>
Overfull \hbox (4.70926pt too wide) in paragraph at lines 149--167
 [] 
 []

LaTeX Info: Redefining \. on input line 179.
LaTeX Info: Redefining \% on input line 179.
[42]
File: ./imagenes/red_krackhardt_kite.eps Graphic file (type eps)
 <./imagenes/red_krackhardt_kite.eps>
LaTeX Info: Redefining \. on input line 200.
LaTeX Info: Redefining \% on input line 200.
 [43]
Overfull \hbox (18.47165pt too wide) in paragraph at lines 203--204
[]\OT1/lmr/m/n/12 Completeness of the us-er net-work: Los in-di-vid-uales deben
 quer-er pertenecer
 []


LaTeX Warning: Citation `social_experience' undefined on input line 204.

) (./Capitulos/Marco_teorico/BPMN2.tex
LaTeX Info: Redefining \. on input line 1.
LaTeX Info: Redefining \% on input line 1.
 [44]
Overfull \hbox (44.93935pt too wide) in paragraph at lines 1--1
[]\OT1/lmr/bx/n/17.28 Business Pro-cess Mod-el-ing No-ta-tion (BPMN) 
 []


! LaTeX Error: Cannot determine size of graphic in ./imagenes/gateway_exclusivo
.png (no BoundingBox).

See the LaTeX manual or LaTeX Companion for explanation.
Type  H <return>  for immediate help.
 ...                                              
                                                  
l.13 ...th=11cm]{./imagenes/gateway_exclusivo.png}
                                                  
? 
File: ./imagenes/gateway_exclusivo.png Graphic file (type eps)
<./imagenes/gateway_exclusivo.png>

! LaTeX Error: Cannot determine size of graphic in ./imagenes/gateway_paralelo.
png (no BoundingBox).

See the LaTeX manual or LaTeX Companion for explanation.
Type  H <return>  for immediate help.
 ...                                              
                                                  
l.24 ...dth=11cm]{./imagenes/gateway_paralelo.png}
                                                  
? 
File: ./imagenes/gateway_paralelo.png Graphic file (type eps)
<./imagenes/gateway_paralelo.png>

! LaTeX Error: Cannot determine size of graphic in ./imagenes/gateway_inclusivo
.png (no BoundingBox).

See the LaTeX manual or LaTeX Companion for explanation.
Type  H <return>  for immediate help.
 ...                                              
                                                  
l.35 ...th=11cm]{./imagenes/gateway_inclusivo.png}
                                                  
? 
File: ./imagenes/gateway_inclusivo.png Graphic file (type eps)
<./imagenes/gateway_inclusivo.png>

! LaTeX Error: Cannot determine size of graphic in ./imagenes/gateway_complejo.
png (no BoundingBox).

See the LaTeX manual or LaTeX Companion for explanation.
Type  H <return>  for immediate help.
 ...                                              
                                                  
l.47 ...dth=11cm]{./imagenes/gateway_complejo.png}
                                                  
? 
File: ./imagenes/gateway_complejo.png Graphic file (type eps)
<./imagenes/gateway_complejo.png>
LaTeX Info: Redefining \. on input line 60.
LaTeX Info: Redefining \% on input line 60.
 [45]
Underfull \vbox (badness 2351) has occurred while \output is active []

LaTeX Info: Redefining \. on input line 62.
LaTeX Info: Redefining \% on input line 62.
 [46]

! LaTeX Error: Cannot determine size of graphic in ./imagenes/diagrama_colabora
cion.png (no BoundingBox).

See the LaTeX manual or LaTeX Companion for explanation.
Type  H <return>  for immediate help.
 ...                                              
                                                  
l.65 ...1cm]{./imagenes/diagrama_colaboracion.png}
                                                  
? 
File: ./imagenes/diagrama_colaboracion.png Graphic file (type eps)
<./imagenes/diagrama_colaboracion.png>

! LaTeX Error: Cannot determine size of graphic in ./imagenes/diagrama_colabora
cion_caja_negra.png (no BoundingBox).

See the LaTeX manual or LaTeX Companion for explanation.
Type  H <return>  for immediate help.
 ...                                              
                                                  
l.79 ...enes/diagrama_colaboracion_caja_negra.png}
                                                  
? 
File: ./imagenes/diagrama_colaboracion_caja_negra.png Graphic file (type eps)
<./imagenes/diagrama_colaboracion_caja_negra.png>)
(./Capitulos/Marco_teorico/SOA.tex
LaTeX Info: Redefining \. on input line 5.
LaTeX Info: Redefining \% on input line 5.
 [47]
LaTeX Info: Redefining \. on input line 11.
LaTeX Info: Redefining \% on input line 11.
 [48]
LaTeX Info: Redefining \. on input line 15.
LaTeX Info: Redefining \% on input line 15.
 [49]
LaTeX Info: Redefining \. on input line 21.
LaTeX Info: Redefining \% on input line 21.
 [50]
LaTeX Info: Redefining \. on input line 23.
LaTeX Info: Redefining \% on input line 23.
 [51]

! LaTeX Error: Cannot determine size of graphic in ./imagenes/1.png (no Boundin
gBox).

See the LaTeX manual or LaTeX Companion for explanation.
Type  H <return>  for immediate help.
 ...                                              
                                                  
l.27 ...ludegraphics[width=11cm]{./imagenes/1.png}
                                                  
? 
File: ./imagenes/1.png Graphic file (type eps)
<./imagenes/1.png>

! LaTeX Error: Cannot determine size of graphic in ./imagenes/2.png (no Boundin
gBox).

See the LaTeX manual or LaTeX Companion for explanation.
Type  H <return>  for immediate help.
 ...                                              
                                                  
l.38 ...ludegraphics[width=11cm]{./imagenes/2.png}
                                                  
? 
File: ./imagenes/2.png Graphic file (type eps)
<./imagenes/2.png>

! LaTeX Error: Cannot determine size of graphic in ./imagenes/3.png (no Boundin
gBox).

See the LaTeX manual or LaTeX Companion for explanation.
Type  H <return>  for immediate help.
 ...                                              
                                                  
l.49 ...ludegraphics[width=11cm]{./imagenes/3.png}
                                                  
? 
File: ./imagenes/3.png Graphic file (type eps)
<./imagenes/3.png>
LaTeX Info: Redefining \. on input line 61.
LaTeX Info: Redefining \% on input line 61.
 [52]
Underfull \vbox (badness 10000) has occurred while \output is active []

LaTeX Info: Redefining \. on input line 62.
LaTeX Info: Redefining \% on input line 62.
 [53]
LaTeX Info: Redefining \. on input line 67.
LaTeX Info: Redefining \% on input line 67.

[54]

! LaTeX Error: Cannot determine size of graphic in ./imagenes/5.png (no Boundin
gBox).

See the LaTeX manual or LaTeX Companion for explanation.
Type  H <return>  for immediate help.
 ...                                              
                                                  
l.77 ...ludegraphics[width=11cm]{./imagenes/5.png}
                                                  
? 
File: ./imagenes/5.png Graphic file (type eps)
<./imagenes/5.png>

! LaTeX Error: Cannot determine size of graphic in ./imagenes/4.png (no Boundin
gBox).

See the LaTeX manual or LaTeX Companion for explanation.
Type  H <return>  for immediate help.
 ...                                              
                                                  
l.93 ...ludegraphics[width=11cm]{./imagenes/4.png}
                                                  
? 
File: ./imagenes/4.png Graphic file (type eps)
<./imagenes/4.png>
LaTeX Info: Redefining \. on input line 103.
LaTeX Info: Redefining \% on input line 103.
 [55]

! LaTeX Error: Cannot determine size of graphic in ./imagenes/6.png (no Boundin
gBox).

See the LaTeX manual or LaTeX Companion for explanation.
Type  H <return>  for immediate help.
 ...                                              
                                                  
l.106 ...udegraphics[width=11cm]{./imagenes/6.png}
                                                  
? 
File: ./imagenes/6.png Graphic file (type eps)
<./imagenes/6.png>
Underfull \vbox (badness 3989) has occurred while \output is active []

LaTeX Info: Redefining \. on input line 111.
LaTeX Info: Redefining \% on input line 111.
 [56]
LaTeX Info: Redefining \. on input line 119.
LaTeX Info: Redefining \% on input line 119.

[57]
LaTeX Info: Redefining \. on input line 120.
LaTeX Info: Redefining \% on input line 120.
 [58]) (./Capitulos/Marco_teorico/Scrum.tex
LaTeX Info: Redefining \. on input line 11.
LaTeX Info: Redefining \% on input line 11.
 [59]
Overfull \hbox (1.92763pt too wide) in paragraph at lines 24--25
[]\OT1/lmr/m/n/12 Son mul-ti-fun-cionales: Se tienen in-te-grantes que mane-jan
 difer-entes ^^Sareas
 []

LaTeX Info: Redefining \. on input line 36.
LaTeX Info: Redefining \% on input line 36.
[60]
LaTeX Info: Redefining \. on input line 66.
LaTeX Info: Redefining \% on input line 66.
 [61]
LaTeX Info: Redefining \. on input line 85.
LaTeX Info: Redefining \% on input line 85.
 [62]
LaTeX Info: Redefining \. on input line 103.
LaTeX Info: Redefining \% on input line 103.
 [63]) (./Capitulos/Marco_teorico/Estado_arte.tex
LaTeX Info: Redefining \. on input line 7.
LaTeX Info: Redefining \% on input line 7.
 [64]
Overfull \hbox (20.58249pt too wide) in paragraph at lines 17--69
 [][] 
 []


Underfull \hbox (badness 1275) in paragraph at lines 133--133
[]|\OT1/lmr/m/n/12 Gesti^^Son de transver-
 []


Underfull \hbox (badness 1365) in paragraph at lines 133--133
[]|\OT1/lmr/m/n/12 Gesti^^Son de tipos de
 []


Underfull \hbox (badness 10000) in paragraph at lines 133--133
[]|\OT1/lmr/m/n/12 Gesti^^Son del
 []


Underfull \hbox (badness 1762) in paragraph at lines 133--133
[]|\OT1/lmr/m/n/12 Gesti^^Son de ge-olo-cal-
 []


Underfull \hbox (badness 5446) in paragraph at lines 133--133
[]|\OT1/lmr/m/n/12 Conexi^^Son con otros
 []


Overfull \hbox (20.55197pt too wide) in paragraph at lines 82--134
 [][] 
 []


LaTeX Warning: Float too large for page by 74.7858pt on input line 135.


Underfull \hbox (badness 1565) in paragraph at lines 199--199
[]|\OT1/lmr/m/n/12 - Foros con pro-fe-sion-ales (man-agers, coach-es,
 []


Underfull \hbox (badness 1275) in paragraph at lines 199--199
[]|\OT1/lmr/m/n/12 Gesti^^Son de transver-
 []


Underfull \hbox (badness 1365) in paragraph at lines 199--199
[]|\OT1/lmr/m/n/12 Gesti^^Son de tipos de
 []


Underfull \hbox (badness 10000) in paragraph at lines 199--199
[]|\OT1/lmr/m/n/12 Gesti^^Son del
 []


Underfull \hbox (badness 1762) in paragraph at lines 199--199
[]|\OT1/lmr/m/n/12 Gesti^^Son de ge-olo-cal-
 []


Underfull \hbox (badness 5446) in paragraph at lines 199--199
[]|\OT1/lmr/m/n/12 Conexi^^Son con otros
 []


Overfull \hbox (20.59245pt too wide) in paragraph at lines 147--200
 [][] 
 []


LaTeX Warning: Float too large for page by 119.98476pt on input line 202.


Overfull \hbox (20.58568pt too wide) in paragraph at lines 214--264
 [][] 
 []


LaTeX Warning: Float too large for page by 16.86304pt on input line 266.


Underfull \hbox (badness 1275) in paragraph at lines 319--319
[]|\OT1/lmr/m/n/12 Gesti^^Son de transver-
 []


Underfull \hbox (badness 1365) in paragraph at lines 319--319
[]|\OT1/lmr/m/n/12 Gesti^^Son de tipos de
 []


Underfull \hbox (badness 10000) in paragraph at lines 319--319
[]|\OT1/lmr/m/n/12 Gesti^^Son del
 []


Underfull \hbox (badness 1762) in paragraph at lines 319--319
[]|\OT1/lmr/m/n/12 Gesti^^Son de ge-olo-cal-
 []


Underfull \hbox (badness 5446) in paragraph at lines 319--319
[]|\OT1/lmr/m/n/12 Conexi^^Son con otros
 []


Overfull \hbox (20.59245pt too wide) in paragraph at lines 276--320
 [][] 
 []


LaTeX Warning: Float too large for page by 47.49173pt on input line 321.

LaTeX Info: Redefining \. on input line 323.
LaTeX Info: Redefining \% on input line 323.
[65]
LaTeX Info: Redefining \. on input line 323.
LaTeX Info: Redefining \% on input line 323.
 [66]
LaTeX Info: Redefining \. on input line 323.
LaTeX Info: Redefining \% on input line 323.
 [67]
LaTeX Info: Redefining \. on input line 323.
LaTeX Info: Redefining \% on input line 323.
 [68]
LaTeX Info: Redefining \. on input line 323.
LaTeX Info: Redefining \% on input line 323.
 [69]))
LaTeX Info: Redefining \. on input line 137.
LaTeX Info: Redefining \% on input line 137.
 [70



]
Cap\'{\i }tulo 6.
(./Capitulos/Marco_teorico/Marco_fundamental.tex [71]
Overfull \hbox (18.47165pt too wide) in paragraph at lines 11--12
[]\OT1/lmr/m/n/12 Completeness of the us-er net-work: Los in-di-vid-uales deben
 quer-er pertenecer
 []


LaTeX Warning: Citation `social_experience' undefined on input line 12.

)
LaTeX Info: Redefining \. on input line 140.
LaTeX Info: Redefining \% on input line 140.
 [72]
Cap\'{\i }tulo 7.
(./Capitulos/Marco_teorico/Marco_legal.tex [73

]
LaTeX Info: Redefining \. on input line 14.
LaTeX Info: Redefining \% on input line 14.
 [74]

LaTeX Warning: Reference `leg_int' on page 75 undefined on input line 17.

) [75]
LaTeX Info: Redefining \. on input line 143.
LaTeX Info: Redefining \% on input line 143.
 [76

]
Cap\'{\i }tulo 8.
(./Capitulos/Alcances_limitaciones/Alcances_limitaciones.tex
Overfull \hbox (6.16432pt too wide) in paragraph at lines 12--13
[]\OT1/lmr/m/n/12 Cercan^^S^^Pa en-tre usuar-ios del SNS que com-par-tan una re
laci^^Son (sea sim^^Setri-
 []

[77]
LaTeX Info: Redefining \. on input line 31.
LaTeX Info: Redefining \% on input line 31.
 [78])
LaTeX Info: Redefining \. on input line 146.
LaTeX Info: Redefining \% on input line 146.
 [79]
LaTeX Info: Redefining \. on input line 146.
LaTeX Info: Redefining \% on input line 146.
 [80

]
Cap\'{\i }tulo 9.
(./Capitulos/Metodologia/Metodologia.tex [81]
Overfull \hbox (0.58981pt too wide) in paragraph at lines 29--31
[]\OT1/lmr/m/n/12 Daily Scrum (15 min-u-tos m^^Saxi-mo)[Solo par-tic-i-pa el de
-vel-ope-ment team] 
 []


Overfull \hbox (36.80826pt too wide) in paragraph at lines 58--125
 [] 
 []

LaTeX Info: Redefining \. on input line 126.
LaTeX Info: Redefining \% on input line 126.
[82]) [83]
LaTeX Info: Redefining \. on input line 149.
LaTeX Info: Redefining \% on input line 149.
 [84

]
Cap\'{\i }tulo 10.
(./Capitulos/Arquitectura/Arquitectura.tex

! LaTeX Error: Cannot determine size of graphic in ./imagenes/arquitectura_prop
uesta.jpg (no BoundingBox).

See the LaTeX manual or LaTeX Companion for explanation.
Type  H <return>  for immediate help.
 ...                                              
                                                  
l.5 ...0cm]{./imagenes/arquitectura_propuesta.jpg}
                                                  
? 
File: ./imagenes/arquitectura_propuesta.jpg Graphic file (type eps)
<./imagenes/arquitectura_propuesta.jpg>) [85]
LaTeX Info: Redefining \. on input line 156.
LaTeX Info: Redefining \% on input line 156.
 [86]
Cap\'{\i }tulo 11.
(./Capitulos/Cronograma/Cronograma.tex
Overfull \hbox (8.35382pt too wide) in paragraph at lines 8--29
 [] 
 []


! LaTeX Error: Cannot determine size of graphic in ./imagenes/cronograma_comple
to.PNG (no BoundingBox).

See the LaTeX manual or LaTeX Companion for explanation.
Type  H <return>  for immediate help.
 ...                                              
                                                  
l.34 ...h=8cm]{./imagenes/cronograma_completo.PNG}
                                                  
? 
File: ./imagenes/cronograma_completo.PNG Graphic file (type eps)
<./imagenes/cronograma_completo.PNG>

LaTeX Warning: Float too large for page by 11.29028pt on input line 38.

) [87

]
LaTeX Info: Redefining \. on input line 160.
LaTeX Info: Redefining \% on input line 160.
 [88]
Cap\'{\i }tulo 12.
(./Capitulos/Recursos/Hardware.tex
Underfull \hbox (badness 10000) in paragraph at lines 27--27
[]|\OT1/lmr/m/n/12 Core i7 2670QM, 1TB
 []


Underfull \hbox (badness 1281) in paragraph at lines 27--27
\OT1/lmr/m/n/12 1.0GHz 1 n^^Sucleo, 512MB
 []


Underfull \hbox (badness 4403) in paragraph at lines 27--27
\OT1/lmr/m/n/12 512MB memo-ria in-ter-na,
 []


Underfull \hbox (badness 1231) in paragraph at lines 27--27
\OT1/lmr/m/n/12 2GB sd card, 512MB de
 []


Underfull \hbox (badness 5175) in paragraph at lines 27--27
[]|\OT1/lmr/m/n/12 Intel Pen-tium G2020 @
 []


Underfull \hbox (badness 4266) in paragraph at lines 27--27
\OT1/lmr/m/n/12 de dis-co duro, 4GB de
 []

) (./Capitulos/Recursos/Software.tex
Underfull \hbox (badness 10000) in paragraph at lines 21--21
[]|\OT1/lmr/m/n/12 Debian Ver-si^^Son 7.4
 []


Underfull \hbox (badness 1087) in paragraph at lines 21--21
[]|\OT1/lmr/m/n/12 Sistema op-er-a-ti-vo en el que se re-
 []


Underfull \hbox (badness 10000) in paragraph at lines 21--21
[]|\OT1/lmr/m/n/12 Android De-vel-ope-ment
 []

) (./Capitulos/Recursos/Humanos.tex

LaTeX Warning: Citation `manual_referencia_costos' undefined on input line 22.

LaTeX Font Info:    External font `lmex10' loaded for size
(Font)              <5> on input line 23.
) (./Capitulos/Recursos/Miscelaneos.tex) [89

] (./Capitulos/Recursos/Totales.tex) (./Anteproyecto2.bbl
LaTeX Info: Redefining \. on input line 1.
LaTeX Info: Redefining \% on input line 1.
 [90]
LaTeX Info: Redefining \. on input line 1.
LaTeX Info: Redefining \% on input line 1.
 [91]
LaTeX Info: Redefining \. on input line 1.
LaTeX Info: Redefining \% on input line 1.
 [92

]
LaTeX Font Info:    Try loading font information for OT1+lmtt on input line 25.

 (/usr/share/texmf/tex/latex/lm/ot1lmtt.fd
File: ot1lmtt.fd 2009/10/30 v1.6 Font defs for Latin Modern
)
Underfull \hbox (badness 10000) in paragraph at lines 14--28
[]\OT1/lmr/m/n/12 ACIEM.  (2008).  \OT1/lmr/m/it/12 Man-u-al de ref-er-en-cia d
e tar-i-fas aciem
 []


Underfull \hbox (badness 10000) in paragraph at lines 14--28
\OT1/lmr/m/it/12 (aso-cia-cion colom-biana de in-ge-nieros.  \OT1/lmr/m/n/12 De
scar-ga-do de
 []


Overfull \hbox (104.67421pt too wide) in paragraph at lines 14--28
[][][][]
 []


Underfull \hbox (badness 10000) in paragraph at lines 14--28

 []


Underfull \hbox (badness 4967) in paragraph at lines 191--203
[]\OT1/lmr/m/n/12 Lozada, P.  (2014).  \OT1/lmr/m/it/12 Evolu-ci^^Son de la web
.  \OT1/lmr/m/n/12 Descar-ga-do de
 []


Overfull \hbox (71.09618pt too wide) in paragraph at lines 191--203
[][][][]
 []


Underfull \hbox (badness 10000) in paragraph at lines 191--203

 []


Overfull \hbox (91.35017pt too wide) in paragraph at lines 240--253
[][][][]
 []


Underfull \hbox (badness 10000) in paragraph at lines 240--253

 []

[93])
Package atveryend Info: Empty hook `BeforeClearDocument' on input line 182.
LaTeX Info: Redefining \. on input line 182.
LaTeX Info: Redefining \% on input line 182.
 [94]
Package atveryend Info: Empty hook `AfterLastShipout' on input line 182.
 (./Anteproyecto2.aux
LaTeX Info: Redefining \. on input line 22.
LaTeX Info: Redefining \% on input line 22.
)
Package atveryend Info: Empty hook `AtVeryEndDocument' on input line 182.
Package atveryend Info: Executing hook `AtEndAfterFileList' on input line 182.
Package rerunfilecheck Info: File `Anteproyecto2.out' has not changed.
(rerunfilecheck)             Checksum: 5294C17565CE4F32F26FE8D17B3ABCFE;5154.


LaTeX Warning: There were undefined references.


LaTeX Warning: There were multiply-defined labels.

Package atveryend Info: Empty hook `AtVeryVeryEnd' on input line 182.
 )
(\end occurred inside a group at level 1)

### simple group (level 1) entered at line 59 ({)
### bottom level 
Here is how much of TeX's memory you used:
 8214 strings out of 495060
 123940 string characters out of 3182053
 278366 words of memory out of 3000000
 11147 multiletter control sequences out of 15000+200000
 56826 words of font info for 41 fonts, out of 3000000 for 9000
 16 hyphenation exceptions out of 8191
 43i,12n,40p,1778b,607s stack positions out of 5000i,500n,10000p,200000b,50000s

Output written on Anteproyecto2.dvi (94 pages, 298964 bytes).
